[2022-06-21T09:41:47.782] [INFO] infoFile - { route: '/auth/login', method: '[POST]' }
[2022-06-21T09:42:52.900] [INFO] infoFile - { route: '/auth/login', method: '[POST]' }
[2022-06-21T09:43:06.367] [INFO] infoFile - { route: '/auth/login', method: '[POST]' }
[2022-06-21T09:43:59.396] [INFO] infoFile - { route: '/auth/login', method: '[POST]' }
[2022-06-21T09:44:18.017] [INFO] infoFile - { route: '/auth/login', method: '[POST]' }
[2022-06-21T09:45:13.818] [INFO] infoFile - { route: '/auth/login', method: '[POST]' }
[2022-06-21T09:45:37.781] [INFO] infoFile - { route: '/auth/login', method: '[POST]' }
[2022-06-21T09:46:07.176] [INFO] infoFile - { route: '/auth/login', method: '[POST]' }
[2022-06-21T09:46:44.801] [INFO] infoFile - { route: '/auth/login', method: '[POST]' }
[2022-06-21T09:54:29.823] [INFO] infoFile - { route: '/', method: '[GET]' }
[2022-06-21T09:54:33.094] [INFO] infoFile - { route: '/favicon.ico', method: '[GET]' }
[2022-06-21T09:54:50.623] [INFO] infoFile - { route: '/auth/login', method: '[GET]' }
[2022-06-21T09:55:22.510] [INFO] infoFile - { route: '/data/prouct/get', method: '[GET]' }
[2022-06-21T09:56:08.197] [INFO] infoFile - { route: '/api/data/prouct/get', method: '[GET]' }
[2022-06-21T09:56:29.355] [INFO] infoFile - { route: '/api/data/product/get', method: '[GET]' }
[2022-06-21T09:59:33.474] [INFO] infoFile - { route: '/api/auth/login', method: '[POST]' }
[2022-06-21T10:00:59.597] [INFO] infoFile - { route: '/api/auth/login', method: '[POST]' }
[2022-06-21T10:02:53.270] [INFO] infoFile - { route: '/api/auth/login', method: '[POST]' }
[2022-06-21T10:06:33.732] [INFO] infoFile - { route: '/api/auth/login', method: '[POST]' }
[2022-06-21T10:07:25.659] [INFO] infoFile - { route: '/api/auth/login', method: '[POST]' }
[2022-06-21T10:09:15.468] [INFO] infoFile - { route: '/api/auth/login', method: '[POST]' }
[2022-06-21T10:10:00.654] [INFO] infoFile - { route: '/api/auth/login', method: '[POST]' }
[2022-06-21T10:18:00.303] [INFO] infoFile - { route: '/api/auth/login', method: '[POST]' }
[2022-06-21T10:19:10.045] [INFO] infoFile - { route: '/api/auth/login', method: '[POST]' }
[2022-06-21T10:39:14.044] [INFO] infoFile - { route: '/api/auth/login', method: '[POST]' }
[2022-06-21T10:39:14.382] [INFO] infoFile - { route: '/api/data/product/post', method: '[POST]' }
[2022-06-21T10:42:13.072] [INFO] infoFile - { route: '/api/auth/login', method: '[POST]' }
[2022-06-21T10:42:13.387] [INFO] infoFile - { route: '/api/data/product/post', method: '[POST]' }
[2022-06-21T10:57:13.372] [INFO] infoFile - { route: '/api/auth/login', method: '[POST]' }
[2022-06-21T10:57:13.995] [INFO] infoFile - { route: '/api/data/product/post', method: '[POST]' }
[2022-06-21T10:58:25.553] [INFO] infoFile - { route: '/api/auth/login', method: '[POST]' }
[2022-06-21T10:58:25.859] [INFO] infoFile - { route: '/api/data/product/post', method: '[POST]' }
[2022-06-21T10:59:31.301] [INFO] infoFile - { route: '/api/auth/login', method: '[POST]' }
[2022-06-21T10:59:33.283] [INFO] infoFile - { route: '/api/data/product/post', method: '[POST]' }
[2022-06-21T10:59:48.269] [INFO] infoFile - { route: '/api/auth/login', method: '[POST]' }
[2022-06-21T10:59:48.583] [INFO] infoFile - { route: '/api/data/product/post', method: '[POST]' }
[2022-06-21T11:09:30.269] [INFO] infoFile - { route: '/api/auth/login', method: '[POST]' }
[2022-06-21T11:09:30.559] [INFO] infoFile - { route: '/api/data/product/post', method: '[POST]' }
[2022-06-21T11:19:26.544] [INFO] infoFile - { route: '/api/auth/login', method: '[POST]' }
[2022-06-21T11:19:26.943] [INFO] infoFile - { route: '/api/data/product/post', method: '[POST]' }
[2022-06-21T11:26:07.142] [INFO] infoFile - { route: '/api/auth/login', method: '[POST]' }
[2022-06-21T11:26:07.455] [INFO] infoFile - { route: '/api/data/product/post', method: '[POST]' }
[2022-06-21T11:28:04.356] [INFO] infoFile - { route: '/api/auth/login', method: '[POST]' }
[2022-06-21T11:28:04.704] [INFO] infoFile - { route: '/api/data/product/post', method: '[POST]' }
[2022-06-21T11:31:32.717] [INFO] infoFile - { route: '/api/auth/login', method: '[POST]' }
[2022-06-21T11:31:33.058] [INFO] infoFile - { route: '/api/data/product/post', method: '[POST]' }
[2022-06-21T11:31:55.014] [INFO] infoFile - { route: '/api/auth/login', method: '[POST]' }
[2022-06-21T11:31:55.344] [INFO] infoFile - { route: '/api/data/product/post', method: '[POST]' }
[2022-06-21T11:34:09.717] [INFO] infoFile - { route: '/api/data/prouct/post', method: '[GET]' }
[2022-06-21T11:34:12.926] [INFO] infoFile - { route: '/api/data/product/post', method: '[GET]' }
[2022-06-21T11:34:21.815] [INFO] infoFile - { route: '/api/data/product/post', method: '[GET]' }
[2022-06-21T11:35:01.639] [INFO] infoFile - { route: '/api/data/product/post', method: '[GET]' }
[2022-06-21T11:35:40.946] [INFO] infoFile - { route: '/api/auth/login', method: '[POST]' }
[2022-06-21T11:35:42.960] [INFO] infoFile - { route: '/api/data/product/post', method: '[POST]' }
[2022-06-21T11:35:44.717] [INFO] infoFile - { route: '/api/data/product/post', method: '[GET]' }
[2022-06-21T11:35:56.473] [INFO] infoFile - { route: '/api/data/product/post', method: '[GET]' }
[2022-06-21T11:36:31.501] [INFO] infoFile - { route: '/api/auth/login', method: '[POST]' }
[2022-06-21T11:36:31.812] [INFO] infoFile - { route: '/api/data/product/post', method: '[POST]' }
[2022-06-21T11:37:30.937] [INFO] infoFile - { route: '/api/auth/login', method: '[POST]' }
[2022-06-21T11:37:31.237] [INFO] infoFile - { route: '/api/data/product/post', method: '[POST]' }
[2022-06-21T11:37:53.351] [INFO] infoFile - { route: '/api/auth/login', method: '[POST]' }
[2022-06-21T11:37:53.655] [INFO] infoFile - { route: '/api/data/product/post', method: '[POST]' }
[2022-06-21T11:38:17.647] [INFO] infoFile - { route: '/api/auth/login', method: '[POST]' }
[2022-06-21T11:38:17.982] [INFO] infoFile - { route: '/api/data/product/post', method: '[POST]' }
[2022-06-21T11:38:48.049] [INFO] infoFile - { route: '/api/auth/login', method: '[POST]' }
[2022-06-21T11:39:04.648] [INFO] infoFile - { route: '/api/auth/login', method: '[POST]' }
[2022-06-21T11:39:04.980] [INFO] infoFile - { route: '/api/data/product/post', method: '[POST]' }
[2022-06-21T11:46:38.212] [INFO] infoFile - { route: '/api/auth/login', method: '[POST]' }
[2022-06-21T11:46:38.782] [INFO] infoFile - { route: '/api/data/product/post', method: '[POST]' }
[2022-06-21T11:47:12.413] [INFO] infoFile - { route: '/api/auth/login', method: '[POST]' }
[2022-06-21T11:47:12.714] [INFO] infoFile - { route: '/api/data/product/post', method: '[POST]' }
[2022-06-21T12:02:00.471] [INFO] infoFile - { route: '/api/auth/login', method: '[POST]' }
[2022-06-21T12:02:00.816] [INFO] infoFile - { route: '/api/data/product/post', method: '[POST]' }
[2022-06-21T12:05:01.061] [INFO] infoFile - { route: '/api/auth/login', method: '[POST]' }
[2022-06-21T12:05:01.411] [INFO] infoFile - { route: '/api/data/product/post', method: '[POST]' }
[2022-06-21T12:12:34.829] [INFO] infoFile - { route: '/api/auth/login', method: '[POST]' }
[2022-06-21T12:12:35.158] [INFO] infoFile - { route: '/api/data/product/post', method: '[POST]' }
[2022-06-21T12:13:38.442] [INFO] infoFile - { route: '/api/auth/login', method: '[POST]' }
[2022-06-21T12:13:40.501] [INFO] infoFile - { route: '/api/data/product/post', method: '[POST]' }
[2022-06-21T12:14:16.288] [INFO] infoFile - { route: '/api/auth/login', method: '[POST]' }
[2022-06-21T12:14:17.034] [INFO] infoFile - { route: '/api/data/product/post', method: '[POST]' }
[2022-06-21T12:15:15.570] [INFO] infoFile - { route: '/api/auth/login', method: '[POST]' }
[2022-06-21T12:15:17.545] [INFO] infoFile - { route: '/api/data/product/post', method: '[POST]' }
[2022-06-21T12:15:28.366] [INFO] infoFile - { route: '/api/auth/login', method: '[POST]' }
[2022-06-21T12:15:28.862] [INFO] infoFile - { route: '/api/data/product/post', method: '[POST]' }
[2022-06-21T12:15:56.570] [INFO] infoFile - { route: '/api/auth/login', method: '[POST]' }
[2022-06-21T12:15:57.054] [INFO] infoFile - { route: '/api/data/product/post', method: '[POST]' }
[2022-06-21T12:17:19.389] [INFO] infoFile - { route: '/api/auth/login', method: '[POST]' }
[2022-06-21T12:17:19.792] [INFO] infoFile - { route: '/api/data/product/post', method: '[POST]' }
[2022-06-21T12:18:02.757] [INFO] infoFile - { route: '/api/auth/login', method: '[POST]' }
[2022-06-21T12:18:04.117] [INFO] infoFile - { route: '/api/data/product/post', method: '[POST]' }
[2022-06-21T12:18:44.142] [INFO] infoFile - { route: '/api/auth/login', method: '[POST]' }
[2022-06-21T12:18:44.539] [INFO] infoFile - { route: '/api/data/product/post', method: '[POST]' }
[2022-06-21T12:20:20.563] [INFO] infoFile - { route: '/api/auth/login', method: '[POST]' }
[2022-06-21T12:20:20.874] [INFO] infoFile - { route: '/api/data/product/post', method: '[POST]' }
[2022-06-21T12:21:01.498] [INFO] infoFile - { route: '/api/auth/login', method: '[POST]' }
[2022-06-21T12:21:01.847] [INFO] infoFile - { route: '/api/data/product/post', method: '[POST]' }
[2022-06-21T12:23:04.582] [INFO] infoFile - { route: '/api/auth/login', method: '[POST]' }
[2022-06-21T12:23:05.049] [INFO] infoFile - { route: '/api/data/product/post', method: '[POST]' }
[2022-06-21T12:26:16.961] [INFO] infoFile - { route: '/api/auth/login', method: '[POST]' }
[2022-06-21T12:26:17.315] [INFO] infoFile - { route: '/api/data/product/post', method: '[POST]' }
[2022-06-21T12:26:56.009] [INFO] infoFile - { route: '/api/auth/login', method: '[POST]' }
[2022-06-21T12:26:56.421] [INFO] infoFile - { route: '/api/data/product/post', method: '[POST]' }
[2022-06-21T12:27:41.665] [INFO] infoFile - { route: '/api/auth/login', method: '[POST]' }
[2022-06-21T12:27:42.006] [INFO] infoFile - { route: '/api/data/product/post', method: '[POST]' }
[2022-06-21T12:30:27.464] [INFO] infoFile - { route: '/api/auth/login', method: '[POST]' }
[2022-06-21T12:30:27.804] [INFO] infoFile - { route: '/api/data/product/post', method: '[POST]' }
[2022-06-21T12:30:27.949] [INFO] infoFile - { route: '/api/data/product/get', method: '[POST]' }
[2022-06-21T12:30:49.836] [INFO] infoFile - { route: '/api/auth/login', method: '[POST]' }
[2022-06-21T12:30:50.160] [INFO] infoFile - { route: '/api/data/product/post', method: '[POST]' }
[2022-06-21T12:30:50.278] [INFO] infoFile - { route: '/api/data/product/get', method: '[GET]' }
[2022-06-21T12:35:07.607] [INFO] infoFile - { route: '/api/data/product/post', method: '[POST]' }
[2022-06-21T12:35:07.972] [INFO] infoFile - { route: '/api/data/product/get', method: '[GET]' }
[2022-06-21T12:36:33.922] [INFO] infoFile - { route: '/api/data/product/post', method: '[POST]' }
[2022-06-21T12:36:33.946] [INFO] infoFile - { route: '/api/data/product/get', method: '[GET]' }
[2022-06-21T12:37:08.488] [INFO] infoFile - { route: '/api/auth/login', method: '[POST]' }
[2022-06-21T12:37:08.868] [INFO] infoFile - { route: '/api/data/product/post', method: '[POST]' }
[2022-06-21T12:37:08.876] [INFO] infoFile - { route: '/api/data/product/get', method: '[GET]' }
[2022-06-21T12:37:38.407] [INFO] infoFile - { route: '/api/auth/login', method: '[POST]' }
[2022-06-21T12:37:38.736] [INFO] infoFile - { route: '/api/data/product/post', method: '[POST]' }
[2022-06-21T12:37:38.745] [INFO] infoFile - { route: '/api/data/product/get', method: '[GET]' }
[2022-06-21T12:38:44.946] [INFO] infoFile - { route: '/api/auth/login', method: '[POST]' }
[2022-06-21T12:38:45.265] [INFO] infoFile - { route: '/api/data/product/post', method: '[POST]' }
[2022-06-21T12:38:45.274] [INFO] infoFile - { route: '/api/data/product/get', method: '[GET]' }
[2022-06-21T12:46:01.438] [INFO] infoFile - { route: '/api/auth/login', method: '[POST]' }
[2022-06-21T12:46:02.065] [INFO] infoFile - { route: '/api/data/product/post', method: '[POST]' }
[2022-06-21T12:46:02.116] [INFO] infoFile - { route: '/api/data/product/get', method: '[GET]' }
[2022-06-21T12:55:02.489] [INFO] infoFile - { route: '/api/auth/login', method: '[POST]' }
[2022-06-21T12:55:02.803] [INFO] infoFile - { route: '/api/data/product/post', method: '[POST]' }
[2022-06-21T12:55:02.976] [INFO] infoFile - { route: '/api/data/product/get', method: '[GET]' }
[2022-06-21T12:55:57.904] [INFO] infoFile - { route: '/api/auth/login', method: '[POST]' }
[2022-06-21T12:55:58.211] [INFO] infoFile - { route: '/api/data/product/post', method: '[POST]' }
[2022-06-21T12:55:58.222] [INFO] infoFile - { route: '/api/data/product/get', method: '[GET]' }
[2022-06-21T12:56:13.785] [INFO] infoFile - { route: '/api/auth/login', method: '[POST]' }
[2022-06-21T12:56:14.374] [INFO] infoFile - { route: '/api/data/product/post', method: '[POST]' }
[2022-06-21T12:56:14.452] [INFO] infoFile - { route: '/api/data/product/get', method: '[GET]' }
[2022-06-21T12:57:38.106] [INFO] infoFile - { route: '/api/auth/login', method: '[POST]' }
[2022-06-21T12:57:38.420] [INFO] infoFile - { route: '/api/data/product/post', method: '[POST]' }
[2022-06-21T12:57:38.502] [INFO] infoFile - { route: '/api/data/product/get', method: '[GET]' }
[2022-06-21T12:58:03.804] [INFO] infoFile - { route: '/api/auth/login', method: '[POST]' }
[2022-06-21T12:58:04.117] [INFO] infoFile - { route: '/api/data/product/post', method: '[POST]' }
[2022-06-21T12:58:04.141] [INFO] infoFile - { route: '/api/data/product/get', method: '[GET]' }
[2022-06-21T12:58:24.838] [INFO] infoFile - { route: '/api/auth/login', method: '[POST]' }
[2022-06-21T12:58:25.147] [INFO] infoFile - { route: '/api/data/product/post', method: '[POST]' }
[2022-06-21T12:58:25.156] [INFO] infoFile - { route: '/api/data/product/get', method: '[GET]' }
[2022-06-21T12:58:46.647] [INFO] infoFile - { route: '/api/auth/login', method: '[POST]' }
[2022-06-21T12:58:46.972] [INFO] infoFile - { route: '/api/data/product/post', method: '[POST]' }
[2022-06-21T12:58:46.980] [INFO] infoFile - { route: '/api/data/product/get', method: '[GET]' }
[2022-06-21T13:00:00.652] [INFO] infoFile - { route: '/api/auth/login', method: '[POST]' }
[2022-06-21T13:00:01.005] [INFO] infoFile - { route: '/api/data/product/post', method: '[POST]' }
[2022-06-21T13:00:01.016] [INFO] infoFile - { route: '/api/data/product/get', method: '[GET]' }
[2022-06-21T13:01:27.321] [INFO] infoFile - { route: '/api/auth/login', method: '[POST]' }
[2022-06-21T13:01:35.833] [INFO] infoFile - { route: '/api/auth/login', method: '[POST]' }
[2022-06-21T13:02:42.046] [INFO] infoFile - { route: '/api/auth/login', method: '[POST]' }
[2022-06-21T13:02:42.344] [INFO] infoFile - { route: '/api/data/product/get', method: '[GET]' }
[2022-06-21T13:03:18.868] [INFO] infoFile - { route: '/api/auth/login', method: '[POST]' }
[2022-06-21T13:03:19.179] [INFO] infoFile - { route: '/api/auth/login', method: '[POST]' }
[2022-06-21T13:03:19.461] [INFO] infoFile - { route: '/api/data/product/get', method: '[GET]' }
[2022-06-21T13:04:01.827] [INFO] infoFile - { route: '/api/auth/login', method: '[POST]' }
[2022-06-21T13:04:02.142] [INFO] infoFile - { route: '/api/data/product/get', method: '[GET]' }
[2022-06-21T13:04:22.731] [INFO] infoFile - { route: '/api/auth/login', method: '[POST]' }
[2022-06-21T13:04:23.027] [INFO] infoFile - { route: '/api/data/product/get', method: '[GET]' }
[2022-06-21T13:10:18.279] [INFO] infoFile - { route: '/api/api/data/product/get', method: '[GET]' }
[2022-06-21T13:10:26.647] [INFO] infoFile - { route: '/api/api/data/product/get', method: '[GET]' }
[2022-06-21T13:10:30.925] [INFO] infoFile - { route: '/api/data/product/get', method: '[GET]' }
[2022-06-21T13:10:30.932] [INFO] infoFile - { route: '/', method: '[GET]' }
[2022-06-21T13:11:17.237] [INFO] infoFile - { route: '/api/auth/login', method: '[POST]' }
[2022-06-21T13:11:17.571] [INFO] infoFile - { route: '/api/data/product/get', method: '[GET]' }
[2022-06-21T13:11:36.089] [INFO] infoFile - { route: '/api/auth/login', method: '[POST]' }
[2022-06-21T13:11:36.409] [INFO] infoFile - { route: '/api/data/product/get', method: '[GET]' }
[2022-06-21T13:18:04.090] [INFO] infoFile - {
  route: '/socket.io/?EIO=4&transport=polling&t=O67V5Yz',
  method: '[GET]'
}
[2022-06-21T13:18:08.312] [INFO] infoFile - {
  route: '/socket.io/?EIO=4&transport=polling&t=O67V70n',
  method: '[GET]'
}
[2022-06-21T13:18:12.701] [INFO] infoFile - { route: '/api/auth/login', method: '[POST]' }
[2022-06-21T13:18:13.008] [INFO] infoFile - { route: '/api/data/product/get', method: '[GET]' }
[2022-06-21T13:18:14.322] [INFO] infoFile - {
  route: '/socket.io/?EIO=4&transport=polling&t=O67V8Ui',
  method: '[GET]'
}
[2022-06-21T13:18:20.328] [INFO] infoFile - {
  route: '/socket.io/?EIO=4&transport=polling&t=O67V9yE',
  method: '[GET]'
}
[2022-06-21T13:18:26.052] [INFO] infoFile - {
  route: '/socket.io/?EIO=4&transport=polling&t=O67VBLk',
  method: '[GET]'
}
[2022-06-21T13:18:31.076] [INFO] infoFile - {
  route: '/socket.io/?EIO=4&transport=polling&t=O67VCaP',
  method: '[GET]'
}
[2022-06-21T13:18:36.095] [INFO] infoFile - {
  route: '/socket.io/?EIO=4&transport=polling&t=O67VDot',
  method: '[GET]'
}
[2022-06-21T13:18:41.112] [INFO] infoFile - {
  route: '/socket.io/?EIO=4&transport=polling&t=O67VF1B',
  method: '[GET]'
}
[2022-06-21T13:18:46.315] [INFO] infoFile - {
  route: '/socket.io/?EIO=4&transport=polling&t=O67VGIa',
  method: '[GET]'
}
[2022-06-21T13:18:52.318] [INFO] infoFile - {
  route: '/socket.io/?EIO=4&transport=polling&t=O67VHmO',
  method: '[GET]'
}
[2022-06-21T13:18:58.313] [INFO] infoFile - {
  route: '/socket.io/?EIO=4&transport=polling&t=O67VJE2',
  method: '[GET]'
}
[2022-06-21T13:19:04.322] [INFO] infoFile - {
  route: '/socket.io/?EIO=4&transport=polling&t=O67VKht',
  method: '[GET]'
}
[2022-06-21T13:19:10.319] [INFO] infoFile - {
  route: '/socket.io/?EIO=4&transport=polling&t=O67VM9e',
  method: '[GET]'
}
[2022-06-21T13:19:16.318] [INFO] infoFile - {
  route: '/socket.io/?EIO=4&transport=polling&t=O67VNdQ',
  method: '[GET]'
}
[2022-06-21T13:19:17.228] [INFO] infoFile - { route: '/api/auth/login', method: '[POST]' }
[2022-06-21T13:19:22.318] [INFO] infoFile - {
  route: '/socket.io/?EIO=4&transport=polling&t=O67VP59',
  method: '[GET]'
}
[2022-06-21T13:19:28.311] [INFO] infoFile - {
  route: '/socket.io/?EIO=4&transport=polling&t=O67VQYp',
  method: '[GET]'
}
[2022-06-21T13:19:34.319] [INFO] infoFile - {
  route: '/socket.io/?EIO=4&transport=polling&t=O67VS0i',
  method: '[GET]'
}
[2022-06-21T13:19:40.319] [INFO] infoFile - {
  route: '/socket.io/?EIO=4&transport=polling&t=O67VTUQ',
  method: '[GET]'
}
[2022-06-21T13:19:46.311] [INFO] infoFile - {
  route: '/socket.io/?EIO=4&transport=polling&t=O67VUy3',
  method: '[GET]'
}
[2022-06-21T13:19:52.312] [INFO] infoFile - {
  route: '/socket.io/?EIO=4&transport=polling&t=O67VWPj',
  method: '[GET]'
}
[2022-06-21T13:19:58.318] [INFO] infoFile - {
  route: '/socket.io/?EIO=4&transport=polling&t=O67VXtd',
  method: '[GET]'
}
[2022-06-21T13:20:04.314] [INFO] infoFile - {
  route: '/socket.io/?EIO=4&transport=polling&t=O67VZLJ',
  method: '[GET]'
}
[2022-06-21T13:20:10.317] [INFO] infoFile - {
  route: '/socket.io/?EIO=4&transport=polling&t=O67VapA',
  method: '[GET]'
}
[2022-06-21T13:20:16.308] [INFO] infoFile - {
  route: '/socket.io/?EIO=4&transport=polling&t=O67VcGl',
  method: '[GET]'
}
[2022-06-21T13:20:22.323] [INFO] infoFile - {
  route: '/socket.io/?EIO=4&transport=polling&t=O67Vdkf',
  method: '[GET]'
}
[2022-06-21T13:20:28.315] [INFO] infoFile - {
  route: '/socket.io/?EIO=4&transport=polling&t=O67VfCP',
  method: '[GET]'
}
[2022-06-21T13:20:34.326] [INFO] infoFile - {
  route: '/socket.io/?EIO=4&transport=polling&t=O67VggC',
  method: '[GET]'
}
[2022-06-21T13:20:40.318] [INFO] infoFile - {
  route: '/socket.io/?EIO=4&transport=polling&t=O67Vi7v',
  method: '[GET]'
}
[2022-06-21T13:20:46.319] [INFO] infoFile - {
  route: '/socket.io/?EIO=4&transport=polling&t=O67Vjbi',
  method: '[GET]'
}
[2022-06-21T13:20:52.318] [INFO] infoFile - {
  route: '/socket.io/?EIO=4&transport=polling&t=O67Vl3L',
  method: '[GET]'
}
[2022-06-21T13:20:58.316] [INFO] infoFile - {
  route: '/socket.io/?EIO=4&transport=polling&t=O67VmXA',
  method: '[GET]'
}
[2022-06-21T13:21:04.311] [INFO] infoFile - {
  route: '/socket.io/?EIO=4&transport=polling&t=O67Vn-r',
  method: '[GET]'
}
[2022-06-21T13:21:10.308] [INFO] infoFile - {
  route: '/socket.io/?EIO=4&transport=polling&t=O67VpSW',
  method: '[GET]'
}
[2022-06-21T13:21:16.308] [INFO] infoFile - {
  route: '/socket.io/?EIO=4&transport=polling&t=O67VqwG',
  method: '[GET]'
}
[2022-06-21T13:21:22.314] [INFO] infoFile - {
  route: '/socket.io/?EIO=4&transport=polling&t=O67VsO1',
  method: '[GET]'
}
[2022-06-21T13:21:28.322] [INFO] infoFile - {
  route: '/socket.io/?EIO=4&transport=polling&t=O67Vtrw',
  method: '[GET]'
}
[2022-06-21T13:21:34.320] [INFO] infoFile - {
  route: '/socket.io/?EIO=4&transport=polling&t=O67VvJg',
  method: '[GET]'
}
[2022-06-21T13:21:40.317] [INFO] infoFile - {
  route: '/socket.io/?EIO=4&transport=polling&t=O67VwnR',
  method: '[GET]'
}
[2022-06-21T13:21:46.318] [INFO] infoFile - {
  route: '/socket.io/?EIO=4&transport=polling&t=O67VyFB',
  method: '[GET]'
}
[2022-06-21T13:21:52.310] [INFO] infoFile - {
  route: '/socket.io/?EIO=4&transport=polling&t=O67Vziq',
  method: '[GET]'
}
[2022-06-21T13:21:58.321] [INFO] infoFile - {
  route: '/socket.io/?EIO=4&transport=polling&t=O67V_Ai',
  method: '[GET]'
}
[2022-06-21T13:22:04.308] [INFO] infoFile - {
  route: '/socket.io/?EIO=4&transport=polling&t=O67W0eI',
  method: '[GET]'
}
[2022-06-21T13:22:10.308] [INFO] infoFile - {
  route: '/socket.io/?EIO=4&transport=polling&t=O67W261',
  method: '[GET]'
}
[2022-06-21T13:22:16.316] [INFO] infoFile - {
  route: '/socket.io/?EIO=4&transport=polling&t=O67W3Zu',
  method: '[GET]'
}
[2022-06-21T13:22:22.311] [INFO] infoFile - {
  route: '/socket.io/?EIO=4&transport=polling&t=O67W51Z',
  method: '[GET]'
}
[2022-06-21T13:22:28.318] [INFO] infoFile - {
  route: '/socket.io/?EIO=4&transport=polling&t=O67W6VR',
  method: '[GET]'
}
[2022-06-21T13:22:34.317] [INFO] infoFile - {
  route: '/socket.io/?EIO=4&transport=polling&t=O67W7z6',
  method: '[GET]'
}
[2022-06-21T13:22:40.313] [INFO] infoFile - {
  route: '/socket.io/?EIO=4&transport=polling&t=O67W9Qo',
  method: '[GET]'
}
[2022-06-21T13:22:46.309] [INFO] infoFile - {
  route: '/socket.io/?EIO=4&transport=polling&t=O67WAuW',
  method: '[GET]'
}
[2022-06-21T13:22:52.313] [INFO] infoFile - {
  route: '/socket.io/?EIO=4&transport=polling&t=O67WCMJ',
  method: '[GET]'
}
[2022-06-21T13:22:58.306] [INFO] infoFile - {
  route: '/socket.io/?EIO=4&transport=polling&t=O67WDp_',
  method: '[GET]'
}
[2022-06-21T13:23:04.307] [INFO] infoFile - {
  route: '/socket.io/?EIO=4&transport=polling&t=O67WFHm',
  method: '[GET]'
}
[2022-06-21T13:23:10.318] [INFO] infoFile - {
  route: '/socket.io/?EIO=4&transport=polling&t=O67WGld',
  method: '[GET]'
}
[2022-06-21T13:23:16.304] [INFO] infoFile - {
  route: '/socket.io/?EIO=4&transport=polling&t=O67WIDC',
  method: '[GET]'
}
[2022-06-21T13:23:22.314] [INFO] infoFile - {
  route: '/socket.io/?EIO=4&transport=polling&t=O67WJh9',
  method: '[GET]'
}
[2022-06-21T13:23:28.312] [INFO] infoFile - {
  route: '/socket.io/?EIO=4&transport=polling&t=O67WL8r',
  method: '[GET]'
}
[2022-06-21T13:23:34.310] [INFO] infoFile - {
  route: '/socket.io/?EIO=4&transport=polling&t=O67WMcY',
  method: '[GET]'
}
[2022-06-21T13:23:40.318] [INFO] infoFile - {
  route: '/socket.io/?EIO=4&transport=polling&t=O67WO4Q',
  method: '[GET]'
}
[2022-06-21T13:23:46.311] [INFO] infoFile - {
  route: '/socket.io/?EIO=4&transport=polling&t=O67WPY3',
  method: '[GET]'
}
[2022-06-21T13:23:52.305] [INFO] infoFile - {
  route: '/socket.io/?EIO=4&transport=polling&t=O67WQ_l',
  method: '[GET]'
}
[2022-06-21T13:23:58.312] [INFO] infoFile - {
  route: '/socket.io/?EIO=4&transport=polling&t=O67WSTd',
  method: '[GET]'
}
[2022-06-21T13:24:04.318] [INFO] infoFile - {
  route: '/socket.io/?EIO=4&transport=polling&t=O67WTxR',
  method: '[GET]'
}
[2022-06-21T13:24:10.305] [INFO] infoFile - {
  route: '/socket.io/?EIO=4&transport=polling&t=O67WVO_',
  method: '[GET]'
}
[2022-06-21T13:24:16.314] [INFO] infoFile - {
  route: '/socket.io/?EIO=4&transport=polling&t=O67WWsw',
  method: '[GET]'
}
[2022-06-21T13:24:22.313] [INFO] infoFile - {
  route: '/socket.io/?EIO=4&transport=polling&t=O67WYKX',
  method: '[GET]'
}
[2022-06-21T13:24:28.312] [INFO] infoFile - {
  route: '/socket.io/?EIO=4&transport=polling&t=O67WZoK',
  method: '[GET]'
}
[2022-06-21T13:24:34.314] [INFO] infoFile - {
  route: '/socket.io/?EIO=4&transport=polling&t=O67WbG4',
  method: '[GET]'
}
[2022-06-21T13:24:37.078] [INFO] infoFile - { route: '/api/auth/login', method: '[POST]' }
[2022-06-21T13:24:40.320] [INFO] infoFile - {
  route: '/socket.io/?EIO=4&transport=polling&t=O67Wcjz',
  method: '[GET]'
}
[2022-06-21T13:25:08.356] [INFO] infoFile - {
  route: '/socket.io/?EIO=4&transport=polling&t=O67Wj42',
  method: '[GET]'
}
[2022-06-21T13:25:14.317] [INFO] infoFile - {
  route: '/socket.io/?EIO=4&transport=polling&t=O67Wl1D',
  method: '[GET]'
}
[2022-06-21T13:25:20.310] [INFO] infoFile - {
  route: '/socket.io/?EIO=4&transport=polling&t=O67WmUr',
  method: '[GET]'
}
[2022-06-21T13:25:25.970] [INFO] infoFile - { route: '/user', method: '[GET]' }
[2022-06-21T13:25:26.311] [INFO] infoFile - {
  route: '/socket.io/?EIO=4&transport=polling&t=O67Wnyd',
  method: '[GET]'
}
[2022-06-21T13:25:33.445] [INFO] infoFile - { route: '/user', method: '[GET]' }
[2022-06-21T13:25:54.101] [INFO] infoFile - {
  route: '/socket.io/?EIO=4&transport=polling&t=O67WuIy',
  method: '[GET]'
}
[2022-06-21T13:25:59.297] [INFO] infoFile - {
  route: '/socket.io/?EIO=4&transport=polling&t=O67Ww06',
  method: '[GET]'
}
[2022-06-21T13:25:59.988] [INFO] infoFile - { route: '/api/auth/login', method: '[POST]' }
[2022-06-21T13:26:00.319] [INFO] infoFile - { route: '/user', method: '[GET]' }
[2022-06-21T13:26:05.300] [INFO] infoFile - {
  route: '/socket.io/?EIO=4&transport=polling&t=O67WxTw',
  method: '[GET]'
}
[2022-06-21T13:26:11.305] [INFO] infoFile - {
  route: '/socket.io/?EIO=4&transport=polling&t=O67Wyxj',
  method: '[GET]'
}
[2022-06-21T13:26:17.341] [INFO] infoFile - {
  route: '/socket.io/?EIO=4&transport=polling&t=O67W-PY',
  method: '[GET]'
}
[2022-06-21T13:26:20.648] [INFO] infoFile - { route: '/api/auth/login', method: '[POST]' }
[2022-06-21T13:26:20.960] [INFO] infoFile - { route: '/api/data/product/get', method: '[GET]' }
[2022-06-21T13:26:23.304] [INFO] infoFile - {
  route: '/socket.io/?EIO=4&transport=polling&t=O67W_tD',
  method: '[GET]'
}
[2022-06-21T13:26:29.304] [INFO] infoFile - {
  route: '/socket.io/?EIO=4&transport=polling&t=O67X1Kx',
  method: '[GET]'
}
[2022-06-21T13:26:35.296] [INFO] infoFile - {
  route: '/socket.io/?EIO=4&transport=polling&t=O67X2ob',
  method: '[GET]'
}
[2022-06-21T13:26:37.096] [INFO] infoFile - { route: '/api/auth/login', method: '[POST]' }
[2022-06-21T13:26:37.384] [INFO] infoFile - { route: '/api/data/product/get', method: '[GET]' }
[2022-06-21T13:26:41.312] [INFO] infoFile - {
  route: '/socket.io/?EIO=4&transport=polling&t=O67X4GU',
  method: '[GET]'
}
[2022-06-21T13:26:47.302] [INFO] infoFile - {
  route: '/socket.io/?EIO=4&transport=polling&t=O67X5kC',
  method: '[GET]'
}
[2022-06-21T13:26:53.299] [INFO] infoFile - {
  route: '/socket.io/?EIO=4&transport=polling&t=O67X7Bu',
  method: '[GET]'
}
[2022-06-21T13:26:59.311] [INFO] infoFile - {
  route: '/socket.io/?EIO=4&transport=polling&t=O67X8fg',
  method: '[GET]'
}
[2022-06-21T13:27:05.314] [INFO] infoFile - {
  route: '/socket.io/?EIO=4&transport=polling&t=O67XA7V',
  method: '[GET]'
}
[2022-06-21T13:27:06.419] [INFO] infoFile - { route: '/api/auth/login', method: '[POST]' }
[2022-06-21T13:27:06.743] [INFO] infoFile - { route: '/api/data/product/get', method: '[GET]' }
[2022-06-21T13:27:11.309] [INFO] infoFile - {
  route: '/socket.io/?EIO=4&transport=polling&t=O67XBb9',
  method: '[GET]'
}
[2022-06-21T13:27:17.316] [INFO] infoFile - {
  route: '/socket.io/?EIO=4&transport=polling&t=O67XD32',
  method: '[GET]'
}
[2022-06-21T13:27:23.320] [INFO] infoFile - {
  route: '/socket.io/?EIO=4&transport=polling&t=O67XEWk',
  method: '[GET]'
}
[2022-06-21T13:27:25.011] [INFO] infoFile - { route: '/api/auth/login', method: '[POST]' }
[2022-06-21T13:27:25.308] [INFO] infoFile - { route: '/api/data/product/get', method: '[GET]' }
[2022-06-21T13:27:29.307] [INFO] infoFile - {
  route: '/socket.io/?EIO=4&transport=polling&t=O67XF-O',
  method: '[GET]'
}
[2022-06-21T13:27:35.318] [INFO] infoFile - {
  route: '/socket.io/?EIO=4&transport=polling&t=O67XHSI',
  method: '[GET]'
}
[2022-06-21T13:27:41.318] [INFO] infoFile - {
  route: '/socket.io/?EIO=4&transport=polling&t=O67XIw4',
  method: '[GET]'
}
[2022-06-21T13:27:47.318] [INFO] infoFile - {
  route: '/socket.io/?EIO=4&transport=polling&t=O67XKNn',
  method: '[GET]'
}
[2022-06-21T13:27:53.313] [INFO] infoFile - {
  route: '/socket.io/?EIO=4&transport=polling&t=O67XLrV',
  method: '[GET]'
}
[2022-06-21T13:27:59.314] [INFO] infoFile - {
  route: '/socket.io/?EIO=4&transport=polling&t=O67XNJI',
  method: '[GET]'
}
[2022-06-21T13:28:05.304] [INFO] infoFile - {
  route: '/socket.io/?EIO=4&transport=polling&t=O67XOmz',
  method: '[GET]'
}
[2022-06-21T13:28:11.308] [INFO] infoFile - {
  route: '/socket.io/?EIO=4&transport=polling&t=O67XQEi',
  method: '[GET]'
}
[2022-06-21T13:28:17.301] [INFO] infoFile - {
  route: '/socket.io/?EIO=4&transport=polling&t=O67XRiS',
  method: '[GET]'
}
[2022-06-21T13:28:23.296] [INFO] infoFile - {
  route: '/socket.io/?EIO=4&transport=polling&t=O67XTA7',
  method: '[GET]'
}
[2022-06-21T13:28:29.299] [INFO] infoFile - {
  route: '/socket.io/?EIO=4&transport=polling&t=O67XUdv',
  method: '[GET]'
}
[2022-06-21T13:28:35.299] [INFO] infoFile - {
  route: '/socket.io/?EIO=4&transport=polling&t=O67XW5h',
  method: '[GET]'
}
[2022-06-21T13:28:41.317] [INFO] infoFile - {
  route: '/socket.io/?EIO=4&transport=polling&t=O67XXZf',
  method: '[GET]'
}
[2022-06-21T13:28:47.302] [INFO] infoFile - {
  route: '/socket.io/?EIO=4&transport=polling&t=O67XZ1E',
  method: '[GET]'
}
[2022-06-21T13:28:53.295] [INFO] infoFile - {
  route: '/socket.io/?EIO=4&transport=polling&t=O67XaUr',
  method: '[GET]'
}
[2022-06-21T13:28:59.312] [INFO] infoFile - {
  route: '/socket.io/?EIO=4&transport=polling&t=O67Xbyo',
  method: '[GET]'
}
[2022-06-21T13:29:05.319] [INFO] infoFile - {
  route: '/socket.io/?EIO=4&transport=polling&t=O67XdQZ',
  method: '[GET]'
}
[2022-06-21T13:29:11.309] [INFO] infoFile - {
  route: '/socket.io/?EIO=4&transport=polling&t=O67XeuA',
  method: '[GET]'
}
[2022-06-21T13:29:12.805] [INFO] infoFile - { route: '/api/auth/login', method: '[POST]' }
[2022-06-21T13:29:13.098] [INFO] infoFile - { route: '/api/data/product/get', method: '[GET]' }
[2022-06-21T13:29:17.314] [INFO] infoFile - {
  route: '/socket.io/?EIO=4&transport=polling&t=O67XgLy',
  method: '[GET]'
}
[2022-06-21T13:29:23.306] [INFO] infoFile - {
  route: '/socket.io/?EIO=4&transport=polling&t=O67Xhpd',
  method: '[GET]'
}
[2022-06-21T13:29:26.764] [INFO] infoFile - { route: '/api/auth/login', method: '[POST]' }
[2022-06-21T13:29:29.321] [INFO] infoFile - {
  route: '/socket.io/?EIO=4&transport=polling&t=O67XjHb',
  method: '[GET]'
}
[2022-06-21T13:29:35.316] [INFO] infoFile - {
  route: '/socket.io/?EIO=4&transport=polling&t=O67XklH',
  method: '[GET]'
}
[2022-06-21T13:29:41.329] [INFO] infoFile - {
  route: '/socket.io/?EIO=4&transport=polling&t=O67XmD5',
  method: '[GET]'
}
[2022-06-21T13:29:47.307] [INFO] infoFile - {
  route: '/socket.io/?EIO=4&transport=polling&t=O67Xnge',
  method: '[GET]'
}
[2022-06-21T13:29:53.319] [INFO] infoFile - {
  route: '/socket.io/?EIO=4&transport=polling&t=O67Xp8V',
  method: '[GET]'
}
[2022-06-21T13:29:59.315] [INFO] infoFile - {
  route: '/socket.io/?EIO=4&transport=polling&t=O67XqcH',
  method: '[GET]'
}
[2022-06-21T13:30:05.311] [INFO] infoFile - {
  route: '/socket.io/?EIO=4&transport=polling&t=O67Xs3y',
  method: '[GET]'
}
[2022-06-21T13:30:11.301] [INFO] infoFile - {
  route: '/socket.io/?EIO=4&transport=polling&t=O67XtXc',
  method: '[GET]'
}
[2022-06-21T13:30:17.309] [INFO] infoFile - {
  route: '/socket.io/?EIO=4&transport=polling&t=O67Xu_W',
  method: '[GET]'
}
[2022-06-21T13:30:23.293] [INFO] infoFile - {
  route: '/socket.io/?EIO=4&transport=polling&t=O67XwT6',
  method: '[GET]'
}
[2022-06-21T13:30:29.305] [INFO] infoFile - {
  route: '/socket.io/?EIO=4&transport=polling&t=O67Xxw_',
  method: '[GET]'
}
[2022-06-21T13:30:30.066] [INFO] infoFile - { route: '/api/auth/login', method: '[POST]' }
[2022-06-21T13:30:30.381] [INFO] infoFile - { route: '/api/data/product/get', method: '[GET]' }
[2022-06-21T13:30:35.304] [INFO] infoFile - {
  route: '/socket.io/?EIO=4&transport=polling&t=O67XzOd',
  method: '[GET]'
}
[2022-06-21T13:30:41.299] [INFO] infoFile - {
  route: '/socket.io/?EIO=4&transport=polling&t=O67X-sH',
  method: '[GET]'
}
[2022-06-21T13:30:47.306] [INFO] infoFile - {
  route: '/socket.io/?EIO=4&transport=polling&t=O67Y0K8',
  method: '[GET]'
}
[2022-06-21T13:30:53.305] [INFO] infoFile - {
  route: '/socket.io/?EIO=4&transport=polling&t=O67Y1nu',
  method: '[GET]'
}
[2022-06-21T13:30:59.309] [INFO] infoFile - {
  route: '/socket.io/?EIO=4&transport=polling&t=O67Y3Fi',
  method: '[GET]'
}
[2022-06-21T13:31:05.312] [INFO] infoFile - {
  route: '/socket.io/?EIO=4&transport=polling&t=O67Y4jQ',
  method: '[GET]'
}
[2022-06-21T13:31:11.322] [INFO] infoFile - {
  route: '/socket.io/?EIO=4&transport=polling&t=O67Y6BI',
  method: '[GET]'
}
[2022-06-21T13:31:17.308] [INFO] infoFile - {
  route: '/socket.io/?EIO=4&transport=polling&t=O67Y7ek',
  method: '[GET]'
}
[2022-06-21T13:31:23.302] [INFO] infoFile - {
  route: '/socket.io/?EIO=4&transport=polling&t=O67Y96T',
  method: '[GET]'
}
[2022-06-21T13:31:29.312] [INFO] infoFile - {
  route: '/socket.io/?EIO=4&transport=polling&t=O67YAaE',
  method: '[GET]'
}
[2022-06-21T13:31:35.320] [INFO] infoFile - {
  route: '/socket.io/?EIO=4&transport=polling&t=O67YC2J',
  method: '[GET]'
}
[2022-06-21T13:31:41.308] [INFO] infoFile - {
  route: '/socket.io/?EIO=4&transport=polling&t=O67YDVu',
  method: '[GET]'
}
[2022-06-21T13:31:47.309] [INFO] infoFile - {
  route: '/socket.io/?EIO=4&transport=polling&t=O67YEzc',
  method: '[GET]'
}
[2022-06-21T13:31:53.306] [INFO] infoFile - {
  route: '/socket.io/?EIO=4&transport=polling&t=O67YGRQ',
  method: '[GET]'
}
[2022-06-21T13:31:59.318] [INFO] infoFile - {
  route: '/socket.io/?EIO=4&transport=polling&t=O67YHvL',
  method: '[GET]'
}
[2022-06-21T13:32:05.310] [INFO] infoFile - {
  route: '/socket.io/?EIO=4&transport=polling&t=O67YJMv',
  method: '[GET]'
}
[2022-06-21T13:32:11.307] [INFO] infoFile - {
  route: '/socket.io/?EIO=4&transport=polling&t=O67YKqd',
  method: '[GET]'
}
[2022-06-21T13:32:17.310] [INFO] infoFile - {
  route: '/socket.io/?EIO=4&transport=polling&t=O67YMIU',
  method: '[GET]'
}
[2022-06-21T13:32:23.311] [INFO] infoFile - {
  route: '/socket.io/?EIO=4&transport=polling&t=O67YNmE',
  method: '[GET]'
}
[2022-06-21T13:32:29.304] [INFO] infoFile - {
  route: '/socket.io/?EIO=4&transport=polling&t=O67YPDv',
  method: '[GET]'
}
[2022-06-21T13:32:35.306] [INFO] infoFile - {
  route: '/socket.io/?EIO=4&transport=polling&t=O67YQhi',
  method: '[GET]'
}
[2022-06-21T13:32:41.304] [INFO] infoFile - {
  route: '/socket.io/?EIO=4&transport=polling&t=O67YS9R',
  method: '[GET]'
}
[2022-06-21T13:32:47.298] [INFO] infoFile - {
  route: '/socket.io/?EIO=4&transport=polling&t=O67YTd6',
  method: '[GET]'
}
[2022-06-21T13:32:53.300] [INFO] infoFile - {
  route: '/socket.io/?EIO=4&transport=polling&t=O67YV4u',
  method: '[GET]'
}
[2022-06-21T13:32:59.172] [INFO] infoFile - { route: '/api/auth/login', method: '[POST]' }
[2022-06-21T13:32:59.308] [INFO] infoFile - {
  route: '/socket.io/?EIO=4&transport=polling&t=O67YWYl',
  method: '[GET]'
}
[2022-06-21T13:32:59.497] [INFO] infoFile - { route: '/api/data/product/get', method: '[GET]' }
[2022-06-21T13:33:05.304] [INFO] infoFile - {
  route: '/socket.io/?EIO=4&transport=polling&t=O67YY0S',
  method: '[GET]'
}
[2022-06-21T13:33:11.311] [INFO] infoFile - {
  route: '/socket.io/?EIO=4&transport=polling&t=O67YZUI',
  method: '[GET]'
}
[2022-06-21T13:33:17.310] [INFO] infoFile - {
  route: '/socket.io/?EIO=4&transport=polling&t=O67Yax_',
  method: '[GET]'
}
[2022-06-21T13:33:23.309] [INFO] infoFile - {
  route: '/socket.io/?EIO=4&transport=polling&t=O67YcPf',
  method: '[GET]'
}
[2022-06-21T13:33:29.321] [INFO] infoFile - {
  route: '/socket.io/?EIO=4&transport=polling&t=O67YdtT',
  method: '[GET]'
}
[2022-06-21T13:33:35.322] [INFO] infoFile - {
  route: '/socket.io/?EIO=4&transport=polling&t=O67YfLK',
  method: '[GET]'
}
[2022-06-21T13:33:41.310] [INFO] infoFile - {
  route: '/socket.io/?EIO=4&transport=polling&t=O67Ygov',
  method: '[GET]'
}
[2022-06-21T13:33:47.329] [INFO] infoFile - {
  route: '/socket.io/?EIO=4&transport=polling&t=O67YiGq',
  method: '[GET]'
}
[2022-06-21T13:33:49.638] [INFO] infoFile - { route: '/api/auth/login', method: '[POST]' }
[2022-06-21T13:33:49.955] [INFO] infoFile - { route: '/api/data/product/get', method: '[GET]' }
[2022-06-21T13:33:53.320] [INFO] infoFile - {
  route: '/socket.io/?EIO=4&transport=polling&t=O67YjkY',
  method: '[GET]'
}
[2022-06-21T13:33:59.308] [INFO] infoFile - {
  route: '/socket.io/?EIO=4&transport=polling&t=O67YlC6',
  method: '[GET]'
}
[2022-06-21T13:34:05.323] [INFO] infoFile - {
  route: '/socket.io/?EIO=4&transport=polling&t=O67Ymf-',
  method: '[GET]'
}
[2022-06-21T13:34:11.306] [INFO] infoFile - {
  route: '/socket.io/?EIO=4&transport=polling&t=O67Yo7b',
  method: '[GET]'
}
[2022-06-21T13:34:15.875] [INFO] infoFile - { route: '/api/auth/login', method: '[POST]' }
[2022-06-21T13:34:16.183] [INFO] infoFile - { route: '/api/data/product/get', method: '[GET]' }
[2022-06-21T13:34:17.333] [INFO] infoFile - {
  route: '/socket.io/?EIO=4&transport=polling&t=O67Ypbc',
  method: '[GET]'
}
[2022-06-21T13:34:33.319] [INFO] infoFile - {
  route: '/socket.io/?EIO=4&transport=polling&t=O67YtVY',
  method: '[GET]'
}
[2022-06-21T13:34:37.457] [INFO] infoFile - { route: '/api/auth/login', method: '[POST]' }
[2022-06-21T13:34:39.297] [INFO] infoFile - {
  route: '/socket.io/?EIO=4&transport=polling&t=O67Yuz8',
  method: '[GET]'
}
[2022-06-21T13:34:45.305] [INFO] infoFile - {
  route: '/socket.io/?EIO=4&transport=polling&t=O67YwQ_',
  method: '[GET]'
}
[2022-06-21T13:34:51.301] [INFO] infoFile - {
  route: '/socket.io/?EIO=4&transport=polling&t=O67Yxue',
  method: '[GET]'
}
[2022-06-21T13:34:57.292] [INFO] infoFile - {
  route: '/socket.io/?EIO=4&transport=polling&t=O67YzMM',
  method: '[GET]'
}
[2022-06-21T13:35:03.305] [INFO] infoFile - {
  route: '/socket.io/?EIO=4&transport=polling&t=O67Y-qI',
  method: '[GET]'
}
[2022-06-21T13:35:06.995] [INFO] infoFile - { route: '/api/auth/login', method: '[POST]' }
[2022-06-21T13:35:09.314] [INFO] infoFile - {
  route: '/socket.io/?EIO=4&transport=polling&t=O67Z0I5',
  method: '[GET]'
}
[2022-06-21T13:35:15.300] [INFO] infoFile - {
  route: '/socket.io/?EIO=4&transport=polling&t=O67Z1ld',
  method: '[GET]'
}
[2022-06-21T13:35:21.307] [INFO] infoFile - {
  route: '/socket.io/?EIO=4&transport=polling&t=O67Z3DT',
  method: '[GET]'
}
[2022-06-21T13:35:27.297] [INFO] infoFile - {
  route: '/socket.io/?EIO=4&transport=polling&t=O67Z4hA',
  method: '[GET]'
}
[2022-06-21T13:35:33.307] [INFO] infoFile - {
  route: '/socket.io/?EIO=4&transport=polling&t=O67Z68x',
  method: '[GET]'
}
[2022-06-21T13:35:39.306] [INFO] infoFile - {
  route: '/socket.io/?EIO=4&transport=polling&t=O67Z7ce',
  method: '[GET]'
}
[2022-06-21T13:35:45.305] [INFO] infoFile - {
  route: '/socket.io/?EIO=4&transport=polling&t=O67Z94N',
  method: '[GET]'
}
[2022-06-21T13:35:51.318] [INFO] infoFile - {
  route: '/socket.io/?EIO=4&transport=polling&t=O67ZAYB',
  method: '[GET]'
}
[2022-06-21T13:35:57.315] [INFO] infoFile - {
  route: '/socket.io/?EIO=4&transport=polling&t=O67ZB_p',
  method: '[GET]'
}
[2022-06-21T13:36:03.314] [INFO] infoFile - {
  route: '/socket.io/?EIO=4&transport=polling&t=O67ZDTc',
  method: '[GET]'
}
[2022-06-21T13:36:09.311] [INFO] infoFile - {
  route: '/socket.io/?EIO=4&transport=polling&t=O67ZExG',
  method: '[GET]'
}
[2022-06-21T13:36:15.308] [INFO] infoFile - {
  route: '/socket.io/?EIO=4&transport=polling&t=O67ZGP1',
  method: '[GET]'
}
[2022-06-21T13:36:21.299] [INFO] infoFile - {
  route: '/socket.io/?EIO=4&transport=polling&t=O67ZHsf',
  method: '[GET]'
}
[2022-06-21T13:36:27.299] [INFO] infoFile - {
  route: '/socket.io/?EIO=4&transport=polling&t=O67ZJKO',
  method: '[GET]'
}
[2022-06-21T13:36:33.300] [INFO] infoFile - {
  route: '/socket.io/?EIO=4&transport=polling&t=O67ZKo8',
  method: '[GET]'
}
[2022-06-21T13:36:39.303] [INFO] infoFile - {
  route: '/socket.io/?EIO=4&transport=polling&t=O67ZMFv',
  method: '[GET]'
}
[2022-06-21T13:36:45.322] [INFO] infoFile - {
  route: '/socket.io/?EIO=4&transport=polling&t=O67ZNjs',
  method: '[GET]'
}
[2022-06-21T13:36:51.306] [INFO] infoFile - {
  route: '/socket.io/?EIO=4&transport=polling&t=O67ZPBb',
  method: '[GET]'
}
[2022-06-21T13:36:57.324] [INFO] infoFile - {
  route: '/socket.io/?EIO=4&transport=polling&t=O67ZQfb',
  method: '[GET]'
}
[2022-06-21T13:37:03.319] [INFO] infoFile - {
  route: '/socket.io/?EIO=4&transport=polling&t=O67ZS7J',
  method: '[GET]'
}
[2022-06-21T13:37:09.306] [INFO] infoFile - {
  route: '/socket.io/?EIO=4&transport=polling&t=O67ZTat',
  method: '[GET]'
}
[2022-06-21T13:37:15.311] [INFO] infoFile - {
  route: '/socket.io/?EIO=4&transport=polling&t=O67ZV2j',
  method: '[GET]'
}
[2022-06-21T13:37:21.308] [INFO] infoFile - {
  route: '/socket.io/?EIO=4&transport=polling&t=O67ZWWO',
  method: '[GET]'
}
[2022-06-21T13:37:27.308] [INFO] infoFile - {
  route: '/socket.io/?EIO=4&transport=polling&t=O67ZX-A',
  method: '[GET]'
}
[2022-06-21T13:37:33.304] [INFO] infoFile - {
  route: '/socket.io/?EIO=4&transport=polling&t=O67ZZRr',
  method: '[GET]'
}
[2022-06-21T13:37:39.306] [INFO] infoFile - {
  route: '/socket.io/?EIO=4&transport=polling&t=O67Zave',
  method: '[GET]'
}
[2022-06-21T13:37:45.303] [INFO] infoFile - {
  route: '/socket.io/?EIO=4&transport=polling&t=O67ZcNO',
  method: '[GET]'
}
[2022-06-21T13:37:51.304] [INFO] infoFile - {
  route: '/socket.io/?EIO=4&transport=polling&t=O67ZdrB',
  method: '[GET]'
}
[2022-06-21T13:37:57.298] [INFO] infoFile - {
  route: '/socket.io/?EIO=4&transport=polling&t=O67ZfIr',
  method: '[GET]'
}
[2022-06-21T13:38:03.306] [INFO] infoFile - {
  route: '/socket.io/?EIO=4&transport=polling&t=O67Zgml',
  method: '[GET]'
}
[2022-06-21T13:38:09.311] [INFO] infoFile - {
  route: '/socket.io/?EIO=4&transport=polling&t=O67ZiEa',
  method: '[GET]'
}
[2022-06-21T13:38:15.309] [INFO] infoFile - {
  route: '/socket.io/?EIO=4&transport=polling&t=O67ZjiK',
  method: '[GET]'
}
[2022-06-21T13:38:21.306] [INFO] infoFile - {
  route: '/socket.io/?EIO=4&transport=polling&t=O67Zl9v',
  method: '[GET]'
}
[2022-06-21T13:38:27.301] [INFO] infoFile - {
  route: '/socket.io/?EIO=4&transport=polling&t=O67Zmdh',
  method: '[GET]'
}
[2022-06-21T13:38:33.310] [INFO] infoFile - {
  route: '/socket.io/?EIO=4&transport=polling&t=O67Zo5T',
  method: '[GET]'
}
[2022-06-21T13:38:39.301] [INFO] infoFile - {
  route: '/socket.io/?EIO=4&transport=polling&t=O67ZpZ8',
  method: '[GET]'
}
[2022-06-21T13:38:45.307] [INFO] infoFile - {
  route: '/socket.io/?EIO=4&transport=polling&t=O67Zr0x',
  method: '[GET]'
}
[2022-06-21T13:38:51.302] [INFO] infoFile - {
  route: '/socket.io/?EIO=4&transport=polling&t=O67ZsUd',
  method: '[GET]'
}
[2022-06-21T13:38:57.312] [INFO] infoFile - {
  route: '/socket.io/?EIO=4&transport=polling&t=O67ZtyJ',
  method: '[GET]'
}
[2022-06-21T13:39:03.314] [INFO] infoFile - {
  route: '/socket.io/?EIO=4&transport=polling&t=O67ZvQ4',
  method: '[GET]'
}
[2022-06-21T13:39:09.312] [INFO] infoFile - {
  route: '/socket.io/?EIO=4&transport=polling&t=O67Zwtr',
  method: '[GET]'
}
[2022-06-21T13:39:15.303] [INFO] infoFile - {
  route: '/socket.io/?EIO=4&transport=polling&t=O67ZyLV',
  method: '[GET]'
}
[2022-06-21T13:39:21.303] [INFO] infoFile - {
  route: '/socket.io/?EIO=4&transport=polling&t=O67ZzpF',
  method: '[GET]'
}
[2022-06-21T13:39:27.298] [INFO] infoFile - {
  route: '/socket.io/?EIO=4&transport=polling&t=O67Z_Gx',
  method: '[GET]'
}
[2022-06-21T13:39:33.296] [INFO] infoFile - {
  route: '/socket.io/?EIO=4&transport=polling&t=O67a0kf',
  method: '[GET]'
}
[2022-06-21T13:39:39.306] [INFO] infoFile - {
  route: '/socket.io/?EIO=4&transport=polling&t=O67a2Cb',
  method: '[GET]'
}
[2022-06-21T13:39:45.300] [INFO] infoFile - {
  route: '/socket.io/?EIO=4&transport=polling&t=O67a3gD',
  method: '[GET]'
}
[2022-06-21T13:39:51.313] [INFO] infoFile - {
  route: '/socket.io/?EIO=4&transport=polling&t=O67a585',
  method: '[GET]'
}
[2022-06-21T13:39:57.307] [INFO] infoFile - {
  route: '/socket.io/?EIO=4&transport=polling&t=O67a6bp',
  method: '[GET]'
}
[2022-06-21T13:40:03.299] [INFO] infoFile - {
  route: '/socket.io/?EIO=4&transport=polling&t=O67a83T',
  method: '[GET]'
}
[2022-06-21T13:40:09.307] [INFO] infoFile - {
  route: '/socket.io/?EIO=4&transport=polling&t=O67a9XG',
  method: '[GET]'
}
[2022-06-21T13:40:15.314] [INFO] infoFile - {
  route: '/socket.io/?EIO=4&transport=polling&t=O67aA_A',
  method: '[GET]'
}
[2022-06-21T13:40:21.312] [INFO] infoFile - {
  route: '/socket.io/?EIO=4&transport=polling&t=O67aCSx',
  method: '[GET]'
}
[2022-06-21T13:40:27.314] [INFO] infoFile - {
  route: '/socket.io/?EIO=4&transport=polling&t=O67aDwj',
  method: '[GET]'
}
[2022-06-21T13:40:33.313] [INFO] infoFile - {
  route: '/socket.io/?EIO=4&transport=polling&t=O67aFOO',
  method: '[GET]'
}
[2022-06-21T13:40:39.310] [INFO] infoFile - {
  route: '/socket.io/?EIO=4&transport=polling&t=O67aGs6',
  method: '[GET]'
}
[2022-06-21T13:40:45.304] [INFO] infoFile - {
  route: '/socket.io/?EIO=4&transport=polling&t=O67aIJp',
  method: '[GET]'
}
[2022-06-21T13:40:51.325] [INFO] infoFile - {
  route: '/socket.io/?EIO=4&transport=polling&t=O67aJnz',
  method: '[GET]'
}
[2022-06-21T13:40:57.308] [INFO] infoFile - {
  route: '/socket.io/?EIO=4&transport=polling&t=O67aLFO',
  method: '[GET]'
}
[2022-06-21T13:41:03.309] [INFO] infoFile - {
  route: '/socket.io/?EIO=4&transport=polling&t=O67aMjA',
  method: '[GET]'
}
[2022-06-21T13:41:09.325] [INFO] infoFile - {
  route: '/socket.io/?EIO=4&transport=polling&t=O67aOBB',
  method: '[GET]'
}
[2022-06-21T13:41:15.317] [INFO] infoFile - {
  route: '/socket.io/?EIO=4&transport=polling&t=O67aPeq',
  method: '[GET]'
}
[2022-06-21T13:41:21.316] [INFO] infoFile - {
  route: '/socket.io/?EIO=4&transport=polling&t=O67aR6b',
  method: '[GET]'
}
[2022-06-21T13:41:27.307] [INFO] infoFile - {
  route: '/socket.io/?EIO=4&transport=polling&t=O67aSaD',
  method: '[GET]'
}
[2022-06-21T13:41:33.302] [INFO] infoFile - {
  route: '/socket.io/?EIO=4&transport=polling&t=O67aU1s',
  method: '[GET]'
}
[2022-06-21T13:41:39.316] [INFO] infoFile - {
  route: '/socket.io/?EIO=4&transport=polling&t=O67aVVk',
  method: '[GET]'
}
[2022-06-21T13:41:45.314] [INFO] infoFile - {
  route: '/socket.io/?EIO=4&transport=polling&t=O67aWzT',
  method: '[GET]'
}
[2022-06-21T13:41:51.304] [INFO] infoFile - {
  route: '/socket.io/?EIO=4&transport=polling&t=O67aYR9',
  method: '[GET]'
}
[2022-06-21T13:41:54.031] [INFO] infoFile - { route: '/api/auth/login', method: '[POST]' }
[2022-06-21T13:41:54.341] [INFO] infoFile - { route: '/api/data/product/get', method: '[GET]' }
[2022-06-21T13:41:57.317] [INFO] infoFile - {
  route: '/socket.io/?EIO=4&transport=polling&t=O67aZv0',
  method: '[GET]'
}
[2022-06-21T13:42:02.710] [INFO] infoFile - { route: '/api/auth/login', method: '[POST]' }
[2022-06-21T13:42:03.065] [INFO] infoFile - { route: '/api/data/product/get', method: '[GET]' }
[2022-06-21T13:42:03.319] [INFO] infoFile - {
  route: '/socket.io/?EIO=4&transport=polling&t=O67abMq',
  method: '[GET]'
}
[2022-06-21T13:42:09.319] [INFO] infoFile - {
  route: '/socket.io/?EIO=4&transport=polling&t=O67acqV',
  method: '[GET]'
}
[2022-06-21T13:42:15.309] [INFO] infoFile - {
  route: '/socket.io/?EIO=4&transport=polling&t=O67aeIB',
  method: '[GET]'
}
[2022-06-21T13:42:15.924] [INFO] infoFile - { route: '/api/auth/login', method: '[POST]' }
[2022-06-21T13:42:16.217] [INFO] infoFile - { route: '/api/data/product/get', method: '[GET]' }
[2022-06-21T13:42:21.331] [INFO] infoFile - {
  route: '/socket.io/?EIO=4&transport=polling&t=O67afmA',
  method: '[GET]'
}
[2022-06-21T13:42:27.319] [INFO] infoFile - {
  route: '/socket.io/?EIO=4&transport=polling&t=O67ahDp',
  method: '[GET]'
}
[2022-06-21T13:42:33.328] [INFO] infoFile - {
  route: '/socket.io/?EIO=4&transport=polling&t=O67aiha',
  method: '[GET]'
}
[2022-06-21T13:42:39.315] [INFO] infoFile - {
  route: '/socket.io/?EIO=4&transport=polling&t=O67ak9E',
  method: '[GET]'
}
[2022-06-21T13:42:44.572] [INFO] infoFile - { route: '/api/auth/login', method: '[POST]' }
[2022-06-21T13:42:45.014] [INFO] infoFile - { route: '/api/data/product/get', method: '[GET]' }
[2022-06-21T13:42:45.313] [INFO] infoFile - {
  route: '/socket.io/?EIO=4&transport=polling&t=O67alc-',
  method: '[GET]'
}
[2022-06-21T13:42:51.322] [INFO] infoFile - {
  route: '/socket.io/?EIO=4&transport=polling&t=O67an4o',
  method: '[GET]'
}
[2022-06-21T13:42:57.313] [INFO] infoFile - {
  route: '/socket.io/?EIO=4&transport=polling&t=O67aoYS',
  method: '[GET]'
}
[2022-06-21T13:43:03.313] [INFO] infoFile - {
  route: '/socket.io/?EIO=4&transport=polling&t=O67aq0D',
  method: '[GET]'
}
[2022-06-21T13:43:09.316] [INFO] infoFile - {
  route: '/socket.io/?EIO=4&transport=polling&t=O67arU1',
  method: '[GET]'
}
[2022-06-21T13:43:15.304] [INFO] infoFile - {
  route: '/socket.io/?EIO=4&transport=polling&t=O67asxc',
  method: '[GET]'
}
[2022-06-21T13:43:21.316] [INFO] infoFile - {
  route: '/socket.io/?EIO=4&transport=polling&t=O67auPX',
  method: '[GET]'
}
[2022-06-21T13:43:27.319] [INFO] infoFile - {
  route: '/socket.io/?EIO=4&transport=polling&t=O67avtI',
  method: '[GET]'
}
[2022-06-21T13:43:33.323] [INFO] infoFile - {
  route: '/socket.io/?EIO=4&transport=polling&t=O67axL5',
  method: '[GET]'
}
[2022-06-21T13:43:39.316] [INFO] infoFile - {
  route: '/socket.io/?EIO=4&transport=polling&t=O67ayoj',
  method: '[GET]'
}
[2022-06-21T13:43:45.312] [INFO] infoFile - {
  route: '/socket.io/?EIO=4&transport=polling&t=O67a-GR',
  method: '[GET]'
}
[2022-06-21T13:43:51.316] [INFO] infoFile - {
  route: '/socket.io/?EIO=4&transport=polling&t=O67a_kF',
  method: '[GET]'
}
[2022-06-21T13:43:57.313] [INFO] infoFile - {
  route: '/socket.io/?EIO=4&transport=polling&t=O67b1C2',
  method: '[GET]'
}
[2022-06-21T13:44:03.309] [INFO] infoFile - {
  route: '/socket.io/?EIO=4&transport=polling&t=O67b2fh',
  method: '[GET]'
}
[2022-06-21T13:44:09.303] [INFO] infoFile - {
  route: '/socket.io/?EIO=4&transport=polling&t=O67b47L',
  method: '[GET]'
}
[2022-06-21T13:44:15.305] [INFO] infoFile - {
  route: '/socket.io/?EIO=4&transport=polling&t=O67b5bE',
  method: '[GET]'
}
[2022-06-21T13:44:21.301] [INFO] infoFile - {
  route: '/socket.io/?EIO=4&transport=polling&t=O67b72w',
  method: '[GET]'
}
[2022-06-21T13:44:27.308] [INFO] infoFile - {
  route: '/socket.io/?EIO=4&transport=polling&t=O67b8Wg',
  method: '[GET]'
}
[2022-06-21T13:44:33.312] [INFO] infoFile - {
  route: '/socket.io/?EIO=4&transport=polling&t=O67b9-Y',
  method: '[GET]'
}
[2022-06-21T13:44:39.310] [INFO] infoFile - {
  route: '/socket.io/?EIO=4&transport=polling&t=O67bBSA',
  method: '[GET]'
}
[2022-06-21T13:44:45.305] [INFO] infoFile - {
  route: '/socket.io/?EIO=4&transport=polling&t=O67bCvx',
  method: '[GET]'
}
[2022-06-21T13:44:51.303] [INFO] infoFile - {
  route: '/socket.io/?EIO=4&transport=polling&t=O67bENh',
  method: '[GET]'
}
[2022-06-21T13:44:57.306] [INFO] infoFile - {
  route: '/socket.io/?EIO=4&transport=polling&t=O67bFrM',
  method: '[GET]'
}
[2022-06-21T13:45:03.313] [INFO] infoFile - {
  route: '/socket.io/?EIO=4&transport=polling&t=O67bHJ5',
  method: '[GET]'
}
[2022-06-21T13:45:09.308] [INFO] infoFile - {
  route: '/socket.io/?EIO=4&transport=polling&t=O67bImj',
  method: '[GET]'
}
[2022-06-21T13:45:15.327] [INFO] infoFile - {
  route: '/socket.io/?EIO=4&transport=polling&t=O67bKEl',
  method: '[GET]'
}
[2022-06-21T13:45:21.320] [INFO] infoFile - {
  route: '/socket.io/?EIO=4&transport=polling&t=O67bLiK',
  method: '[GET]'
}
[2022-06-21T13:45:27.308] [INFO] infoFile - {
  route: '/socket.io/?EIO=4&transport=polling&t=O67bN9_',
  method: '[GET]'
}
[2022-06-21T13:45:33.319] [INFO] infoFile - {
  route: '/socket.io/?EIO=4&transport=polling&t=O67bOdq',
  method: '[GET]'
}
[2022-06-21T13:45:35.299] [INFO] infoFile - { route: '/api/auth/login', method: '[POST]' }
[2022-06-21T13:45:35.633] [INFO] infoFile - { route: '/api/data/product/get', method: '[GET]' }
[2022-06-21T13:45:39.315] [INFO] infoFile - {
  route: '/socket.io/?EIO=4&transport=polling&t=O67bQ5Z',
  method: '[GET]'
}
[2022-06-21T13:45:45.311] [INFO] infoFile - {
  route: '/socket.io/?EIO=4&transport=polling&t=O67bRZF',
  method: '[GET]'
}
[2022-06-21T13:45:51.318] [INFO] infoFile - {
  route: '/socket.io/?EIO=4&transport=polling&t=O67bT13',
  method: '[GET]'
}
[2022-06-21T13:45:57.309] [INFO] infoFile - {
  route: '/socket.io/?EIO=4&transport=polling&t=O67bUUk',
  method: '[GET]'
}
[2022-06-21T13:46:03.326] [INFO] infoFile - {
  route: '/socket.io/?EIO=4&transport=polling&t=O67bVyo',
  method: '[GET]'
}
[2022-06-21T13:46:09.308] [INFO] infoFile - {
  route: '/socket.io/?EIO=4&transport=polling&t=O67bXQO',
  method: '[GET]'
}
[2022-06-21T13:46:13.893] [INFO] infoFile - { route: '/api/auth/login', method: '[POST]' }
[2022-06-21T13:46:14.206] [INFO] infoFile - { route: '/api/data/product/get', method: '[GET]' }
[2022-06-21T13:46:15.309] [INFO] infoFile - {
  route: '/socket.io/?EIO=4&transport=polling&t=O67bYu8',
  method: '[GET]'
}
[2022-06-21T13:46:21.325] [INFO] infoFile - {
  route: '/socket.io/?EIO=4&transport=polling&t=O67baM3',
  method: '[GET]'
}
[2022-06-21T13:46:27.324] [INFO] infoFile - {
  route: '/socket.io/?EIO=4&transport=polling&t=O67bbpr',
  method: '[GET]'
}
[2022-06-21T13:46:33.311] [INFO] infoFile - {
  route: '/socket.io/?EIO=4&transport=polling&t=O67bdHQ',
  method: '[GET]'
}
[2022-06-21T13:46:39.311] [INFO] infoFile - {
  route: '/socket.io/?EIO=4&transport=polling&t=O67belB',
  method: '[GET]'
}
[2022-06-21T13:46:45.313] [INFO] infoFile - {
  route: '/socket.io/?EIO=4&transport=polling&t=O67bgCz',
  method: '[GET]'
}
[2022-06-21T13:46:51.312] [INFO] infoFile - {
  route: '/socket.io/?EIO=4&transport=polling&t=O67bhgh',
  method: '[GET]'
}
[2022-06-21T13:46:54.593] [INFO] infoFile - { route: '/api/auth/login', method: '[POST]' }
[2022-06-21T13:46:54.893] [INFO] infoFile - { route: '/api/data/product/get', method: '[GET]' }
[2022-06-21T13:46:57.307] [INFO] infoFile - {
  route: '/socket.io/?EIO=4&transport=polling&t=O67bj8O',
  method: '[GET]'
}
[2022-06-21T13:47:03.310] [INFO] infoFile - {
  route: '/socket.io/?EIO=4&transport=polling&t=O67bkcA',
  method: '[GET]'
}
[2022-06-21T13:47:06.917] [INFO] infoFile - { route: '/api/auth/login', method: '[POST]' }
[2022-06-21T13:47:07.216] [INFO] infoFile - { route: '/api/data/product/get', method: '[GET]' }
[2022-06-21T13:47:09.323] [INFO] infoFile - {
  route: '/socket.io/?EIO=4&transport=polling&t=O67bm44',
  method: '[GET]'
}
[2022-06-21T13:47:15.319] [INFO] infoFile - {
  route: '/socket.io/?EIO=4&transport=polling&t=O67bnXn',
  method: '[GET]'
}
[2022-06-21T13:47:21.317] [INFO] infoFile - {
  route: '/socket.io/?EIO=4&transport=polling&t=O67bo_Y',
  method: '[GET]'
}
[2022-06-21T13:47:25.318] [INFO] infoFile - { route: '/api/auth/login', method: '[POST]' }
[2022-06-21T13:47:25.638] [INFO] infoFile - { route: '/api/data/product/get', method: '[GET]' }
[2022-06-21T13:47:27.309] [INFO] infoFile - {
  route: '/socket.io/?EIO=4&transport=polling&t=O67bqT7',
  method: '[GET]'
}
[2022-06-21T13:47:33.314] [INFO] infoFile - {
  route: '/socket.io/?EIO=4&transport=polling&t=O67brwy',
  method: '[GET]'
}
[2022-06-21T13:47:39.308] [INFO] infoFile - {
  route: '/socket.io/?EIO=4&transport=polling&t=O67btOf',
  method: '[GET]'
}
[2022-06-21T13:47:40.198] [INFO] infoFile - { route: '/api/auth/login', method: '[POST]' }
[2022-06-21T13:47:40.524] [INFO] infoFile - { route: '/api/data/product/get', method: '[GET]' }
[2022-06-21T13:47:45.313] [INFO] infoFile - {
  route: '/socket.io/?EIO=4&transport=polling&t=O67busR',
  method: '[GET]'
}
[2022-06-21T13:47:51.311] [INFO] infoFile - {
  route: '/socket.io/?EIO=4&transport=polling&t=O67bwKC',
  method: '[GET]'
}
[2022-06-21T13:47:57.328] [INFO] infoFile - {
  route: '/socket.io/?EIO=4&transport=polling&t=O67bxo5',
  method: '[GET]'
}
[2022-06-21T13:48:03.323] [INFO] infoFile - {
  route: '/socket.io/?EIO=4&transport=polling&t=O67bzFo',
  method: '[GET]'
}
[2022-06-21T13:48:09.317] [INFO] infoFile - {
  route: '/socket.io/?EIO=4&transport=polling&t=O67b-jV',
  method: '[GET]'
}
[2022-06-21T13:48:15.327] [INFO] infoFile - {
  route: '/socket.io/?EIO=4&transport=polling&t=O67c0BK',
  method: '[GET]'
}
[2022-06-21T13:48:21.324] [INFO] infoFile - {
  route: '/socket.io/?EIO=4&transport=polling&t=O67c1f3',
  method: '[GET]'
}
[2022-06-21T13:48:27.311] [INFO] infoFile - {
  route: '/socket.io/?EIO=4&transport=polling&t=O67c36f',
  method: '[GET]'
}
[2022-06-21T13:48:33.319] [INFO] infoFile - {
  route: '/socket.io/?EIO=4&transport=polling&t=O67c4aV',
  method: '[GET]'
}
[2022-06-21T13:48:38.335] [INFO] infoFile - {
  route: '/socket.io/?EIO=4&transport=polling&t=O67c5ox',
  method: '[GET]'
}
[2022-06-21T13:48:44.410] [INFO] infoFile - {
  route: '/socket.io/?EIO=4&transport=polling&t=O67c7GN',
  method: '[GET]'
}
[2022-06-21T13:48:50.308] [INFO] infoFile - {
  route: '/socket.io/?EIO=4&transport=polling&t=O67c8j-',
  method: '[GET]'
}
[2022-06-21T13:48:56.312] [INFO] infoFile - {
  route: '/socket.io/?EIO=4&transport=polling&t=O67cABq',
  method: '[GET]'
}
[2022-06-21T13:49:02.319] [INFO] infoFile - {
  route: '/socket.io/?EIO=4&transport=polling&t=O67cBfc',
  method: '[GET]'
}
[2022-06-21T13:49:08.314] [INFO] infoFile - {
  route: '/socket.io/?EIO=4&transport=polling&t=O67cD7K',
  method: '[GET]'
}
[2022-06-21T13:49:14.318] [INFO] infoFile - {
  route: '/socket.io/?EIO=4&transport=polling&t=O67cEbB',
  method: '[GET]'
}
[2022-06-21T13:49:20.313] [INFO] infoFile - {
  route: '/socket.io/?EIO=4&transport=polling&t=O67cG2s',
  method: '[GET]'
}
[2022-06-21T13:49:26.313] [INFO] infoFile - {
  route: '/socket.io/?EIO=4&transport=polling&t=O67cHWZ',
  method: '[GET]'
}
[2022-06-21T13:49:32.310] [INFO] infoFile - {
  route: '/socket.io/?EIO=4&transport=polling&t=O67cI-G',
  method: '[GET]'
}
[2022-06-21T13:49:38.313] [INFO] infoFile - {
  route: '/socket.io/?EIO=4&transport=polling&t=O67cKS3',
  method: '[GET]'
}
[2022-06-21T13:49:44.320] [INFO] infoFile - {
  route: '/socket.io/?EIO=4&transport=polling&t=O67cLvx',
  method: '[GET]'
}
[2022-06-21T13:49:50.319] [INFO] infoFile - {
  route: '/socket.io/?EIO=4&transport=polling&t=O67cNNc',
  method: '[GET]'
}
[2022-06-21T13:49:56.319] [INFO] infoFile - {
  route: '/socket.io/?EIO=4&transport=polling&t=O67cOrO',
  method: '[GET]'
}
[2022-06-21T13:50:02.306] [INFO] infoFile - {
  route: '/socket.io/?EIO=4&transport=polling&t=O67cQI_',
  method: '[GET]'
}
[2022-06-21T13:50:08.307] [INFO] infoFile - {
  route: '/socket.io/?EIO=4&transport=polling&t=O67cRmm',
  method: '[GET]'
}
[2022-06-21T13:50:14.322] [INFO] infoFile - {
  route: '/socket.io/?EIO=4&transport=polling&t=O67cTEk',
  method: '[GET]'
}
[2022-06-21T13:50:17.042] [INFO] infoFile - { route: '/api/auth/login', method: '[POST]' }
[2022-06-21T13:50:17.371] [INFO] infoFile - { route: '/api/data/product/get', method: '[GET]' }
[2022-06-21T13:50:20.322] [INFO] infoFile - {
  route: '/socket.io/?EIO=4&transport=polling&t=O67cUiN',
  method: '[GET]'
}
[2022-06-21T13:50:26.312] [INFO] infoFile - {
  route: '/socket.io/?EIO=4&transport=polling&t=O67cWA2',
  method: '[GET]'
}
[2022-06-21T13:50:32.311] [INFO] infoFile - {
  route: '/socket.io/?EIO=4&transport=polling&t=O67cXdq',
  method: '[GET]'
}
[2022-06-21T13:50:38.321] [INFO] infoFile - {
  route: '/socket.io/?EIO=4&transport=polling&t=O67cZ5g',
  method: '[GET]'
}
[2022-06-21T13:50:44.319] [INFO] infoFile - {
  route: '/socket.io/?EIO=4&transport=polling&t=O67caZL',
  method: '[GET]'
}
[2022-06-21T13:50:50.309] [INFO] infoFile - {
  route: '/socket.io/?EIO=4&transport=polling&t=O67cc12',
  method: '[GET]'
}
[2022-06-21T13:50:56.321] [INFO] infoFile - {
  route: '/socket.io/?EIO=4&transport=polling&t=O67cdUx',
  method: '[GET]'
}
[2022-06-21T13:51:02.322] [INFO] infoFile - {
  route: '/socket.io/?EIO=4&transport=polling&t=O67ceyh',
  method: '[GET]'
}
[2022-06-21T13:51:08.316] [INFO] infoFile - {
  route: '/socket.io/?EIO=4&transport=polling&t=O67cgQH',
  method: '[GET]'
}
[2022-06-21T13:51:14.310] [INFO] infoFile - {
  route: '/socket.io/?EIO=4&transport=polling&t=O67cht_',
  method: '[GET]'
}
[2022-06-21T13:51:20.321] [INFO] infoFile - {
  route: '/socket.io/?EIO=4&transport=polling&t=O67cjLt',
  method: '[GET]'
}
[2022-06-21T13:51:26.307] [INFO] infoFile - {
  route: '/socket.io/?EIO=4&transport=polling&t=O67ckpW',
  method: '[GET]'
}
[2022-06-21T13:51:32.313] [INFO] infoFile - {
  route: '/socket.io/?EIO=4&transport=polling&t=O67cmHL',
  method: '[GET]'
}
[2022-06-21T13:51:38.322] [INFO] infoFile - {
  route: '/socket.io/?EIO=4&transport=polling&t=O67cnlA',
  method: '[GET]'
}
[2022-06-21T13:51:44.314] [INFO] infoFile - {
  route: '/socket.io/?EIO=4&transport=polling&t=O67cpCu',
  method: '[GET]'
}
[2022-06-21T13:51:50.312] [INFO] infoFile - {
  route: '/socket.io/?EIO=4&transport=polling&t=O67cqgY',
  method: '[GET]'
}
[2022-06-21T13:51:56.315] [INFO] infoFile - {
  route: '/socket.io/?EIO=4&transport=polling&t=O67cs8O',
  method: '[GET]'
}
[2022-06-21T13:52:02.316] [INFO] infoFile - {
  route: '/socket.io/?EIO=4&transport=polling&t=O67ctc9',
  method: '[GET]'
}
[2022-06-21T13:52:08.322] [INFO] infoFile - {
  route: '/socket.io/?EIO=4&transport=polling&t=O67cv3v',
  method: '[GET]'
}
[2022-06-21T13:52:14.306] [INFO] infoFile - {
  route: '/socket.io/?EIO=4&transport=polling&t=O67cwXU',
  method: '[GET]'
}
[2022-06-21T13:52:20.307] [INFO] infoFile - {
  route: '/socket.io/?EIO=4&transport=polling&t=O67cx_F',
  method: '[GET]'
}
[2022-06-21T13:52:26.319] [INFO] infoFile - {
  route: '/socket.io/?EIO=4&transport=polling&t=O67czT8',
  method: '[GET]'
}
[2022-06-21T13:52:32.310] [INFO] infoFile - {
  route: '/socket.io/?EIO=4&transport=polling&t=O67c-wp',
  method: '[GET]'
}
[2022-06-21T13:52:38.331] [INFO] infoFile - {
  route: '/socket.io/?EIO=4&transport=polling&t=O67d0Oc',
  method: '[GET]'
}
[2022-06-21T13:52:44.317] [INFO] infoFile - {
  route: '/socket.io/?EIO=4&transport=polling&t=O67d1sQ',
  method: '[GET]'
}
[2022-06-21T13:52:50.312] [INFO] infoFile - {
  route: '/socket.io/?EIO=4&transport=polling&t=O67d3K2',
  method: '[GET]'
}
[2022-06-21T13:52:53.832] [INFO] infoFile - { route: '/api/auth/login', method: '[POST]' }
[2022-06-21T13:52:54.367] [INFO] infoFile - { route: '/api/data/product/get', method: '[GET]' }
[2022-06-21T13:52:56.311] [INFO] infoFile - {
  route: '/socket.io/?EIO=4&transport=polling&t=O67d4nq',
  method: '[GET]'
}
[2022-06-21T13:53:02.323] [INFO] infoFile - {
  route: '/socket.io/?EIO=4&transport=polling&t=O67d6Fj',
  method: '[GET]'
}
[2022-06-21T13:53:08.312] [INFO] infoFile - {
  route: '/socket.io/?EIO=4&transport=polling&t=O67d7jG',
  method: '[GET]'
}
[2022-06-21T13:53:14.317] [INFO] infoFile - {
  route: '/socket.io/?EIO=4&transport=polling&t=O67d9B9',
  method: '[GET]'
}
[2022-06-21T13:53:15.584] [INFO] infoFile - { route: '/api/auth/login', method: '[POST]' }
[2022-06-21T13:53:15.894] [INFO] infoFile - { route: '/api/data/product/get', method: '[GET]' }
[2022-06-21T13:53:20.312] [INFO] infoFile - {
  route: '/socket.io/?EIO=4&transport=polling&t=O67dAeq',
  method: '[GET]'
}
[2022-06-21T13:53:26.328] [INFO] infoFile - {
  route: '/socket.io/?EIO=4&transport=polling&t=O67dC6j',
  method: '[GET]'
}
[2022-06-21T13:53:32.324] [INFO] infoFile - {
  route: '/socket.io/?EIO=4&transport=polling&t=O67dDaS',
  method: '[GET]'
}
[2022-06-21T13:53:38.317] [INFO] infoFile - {
  route: '/socket.io/?EIO=4&transport=polling&t=O67dF29',
  method: '[GET]'
}
[2022-06-21T13:53:44.315] [INFO] infoFile - {
  route: '/socket.io/?EIO=4&transport=polling&t=O67dGVs',
  method: '[GET]'
}
[2022-06-21T13:53:50.307] [INFO] infoFile - {
  route: '/socket.io/?EIO=4&transport=polling&t=O67dHzV',
  method: '[GET]'
}
[2022-06-21T13:53:56.318] [INFO] infoFile - {
  route: '/socket.io/?EIO=4&transport=polling&t=O67dJRR',
  method: '[GET]'
}
[2022-06-21T13:54:02.310] [INFO] infoFile - {
  route: '/socket.io/?EIO=4&transport=polling&t=O67dKv4',
  method: '[GET]'
}
[2022-06-21T13:54:08.310] [INFO] infoFile - {
  route: '/socket.io/?EIO=4&transport=polling&t=O67dMMp',
  method: '[GET]'
}
[2022-06-21T13:54:14.314] [INFO] infoFile - {
  route: '/socket.io/?EIO=4&transport=polling&t=O67dNqe',
  method: '[GET]'
}
[2022-06-21T13:54:20.312] [INFO] infoFile - {
  route: '/socket.io/?EIO=4&transport=polling&t=O67dPIK',
  method: '[GET]'
}
[2022-06-21T13:54:26.222] [INFO] infoFile - { route: '/api/data/product/get', method: '[GET]' }
[2022-06-21T13:54:26.312] [INFO] infoFile - {
  route: '/socket.io/?EIO=4&transport=polling&t=O67dQm4',
  method: '[GET]'
}
[2022-06-21T13:54:32.316] [INFO] infoFile - {
  route: '/socket.io/?EIO=4&transport=polling&t=O67dSDy',
  method: '[GET]'
}
[2022-06-21T13:54:38.306] [INFO] infoFile - {
  route: '/socket.io/?EIO=4&transport=polling&t=O67dThX',
  method: '[GET]'
}
[2022-06-21T13:54:44.311] [INFO] infoFile - {
  route: '/socket.io/?EIO=4&transport=polling&t=O67dV9M',
  method: '[GET]'
}
[2022-06-21T13:54:50.313] [INFO] infoFile - {
  route: '/socket.io/?EIO=4&transport=polling&t=O67dWd7',
  method: '[GET]'
}
[2022-06-21T13:54:56.326] [INFO] infoFile - {
  route: '/socket.io/?EIO=4&transport=polling&t=O67dY52',
  method: '[GET]'
}
[2022-06-21T13:55:02.316] [INFO] infoFile - {
  route: '/socket.io/?EIO=4&transport=polling&t=O67dZYi',
  method: '[GET]'
}
[2022-06-21T13:55:08.311] [INFO] infoFile - {
  route: '/socket.io/?EIO=4&transport=polling&t=O67db0F',
  method: '[GET]'
}
[2022-06-21T13:55:14.317] [INFO] infoFile - {
  route: '/socket.io/?EIO=4&transport=polling&t=O67dcUC',
  method: '[GET]'
}
[2022-06-21T13:55:20.311] [INFO] infoFile - {
  route: '/socket.io/?EIO=4&transport=polling&t=O67ddxq',
  method: '[GET]'
}
[2022-06-21T13:55:26.310] [INFO] infoFile - {
  route: '/socket.io/?EIO=4&transport=polling&t=O67dfPT',
  method: '[GET]'
}
[2022-06-21T13:55:32.314] [INFO] infoFile - {
  route: '/socket.io/?EIO=4&transport=polling&t=O67dgtI',
  method: '[GET]'
}
[2022-06-21T13:55:33.665] [INFO] infoFile - { route: '/api/auth/login', method: '[POST]' }
[2022-06-21T13:55:33.976] [INFO] infoFile - { route: '/api/data/product/get', method: '[GET]' }
[2022-06-21T13:55:38.317] [INFO] infoFile - {
  route: '/socket.io/?EIO=4&transport=polling&t=O67diL0',
  method: '[GET]'
}
[2022-06-21T13:55:44.313] [INFO] infoFile - {
  route: '/socket.io/?EIO=4&transport=polling&t=O67djoc',
  method: '[GET]'
}
[2022-06-21T13:55:50.315] [INFO] infoFile - {
  route: '/socket.io/?EIO=4&transport=polling&t=O67dlGR',
  method: '[GET]'
}
[2022-06-21T13:55:56.321] [INFO] infoFile - {
  route: '/socket.io/?EIO=4&transport=polling&t=O67dmkG',
  method: '[GET]'
}
[2022-06-21T13:56:02.321] [INFO] infoFile - {
  route: '/socket.io/?EIO=4&transport=polling&t=O67doC0',
  method: '[GET]'
}
[2022-06-21T13:56:08.313] [INFO] infoFile - {
  route: '/socket.io/?EIO=4&transport=polling&t=O67dpfh',
  method: '[GET]'
}
[2022-06-21T13:56:14.317] [INFO] infoFile - {
  route: '/socket.io/?EIO=4&transport=polling&t=O67dr7U',
  method: '[GET]'
}
[2022-06-21T13:56:20.318] [INFO] infoFile - {
  route: '/socket.io/?EIO=4&transport=polling&t=O67dsbG',
  method: '[GET]'
}
[2022-06-21T13:56:26.310] [INFO] infoFile - {
  route: '/socket.io/?EIO=4&transport=polling&t=O67du2w',
  method: '[GET]'
}
[2022-06-21T13:56:32.312] [INFO] infoFile - {
  route: '/socket.io/?EIO=4&transport=polling&t=O67dvWg',
  method: '[GET]'
}
[2022-06-21T13:56:38.315] [INFO] infoFile - {
  route: '/socket.io/?EIO=4&transport=polling&t=O67dw-Z',
  method: '[GET]'
}
[2022-06-21T13:56:44.296] [INFO] infoFile - {
  route: '/socket.io/?EIO=4&transport=polling&t=O67dyS5',
  method: '[GET]'
}
[2022-06-21T13:56:50.313] [INFO] infoFile - {
  route: '/socket.io/?EIO=4&transport=polling&t=O67dzw7',
  method: '[GET]'
}
[2022-06-21T13:56:56.329] [INFO] infoFile - {
  route: '/socket.io/?EIO=4&transport=polling&t=O67d_O1',
  method: '[GET]'
}
[2022-06-21T13:57:02.306] [INFO] infoFile - {
  route: '/socket.io/?EIO=4&transport=polling&t=O67e0rT',
  method: '[GET]'
}
[2022-06-21T13:57:08.305] [INFO] infoFile - {
  route: '/socket.io/?EIO=4&transport=polling&t=O67e2JD',
  method: '[GET]'
}
[2022-06-21T13:57:14.315] [INFO] infoFile - {
  route: '/socket.io/?EIO=4&transport=polling&t=O67e3n8',
  method: '[GET]'
}
[2022-06-21T13:57:20.298] [INFO] infoFile - {
  route: '/socket.io/?EIO=4&transport=polling&t=O67e5Ec',
  method: '[GET]'
}
[2022-06-21T13:57:26.302] [INFO] infoFile - {
  route: '/socket.io/?EIO=4&transport=polling&t=O67e6iY',
  method: '[GET]'
}
[2022-06-21T13:57:32.296] [INFO] infoFile - {
  route: '/socket.io/?EIO=4&transport=polling&t=O67e8AE',
  method: '[GET]'
}
[2022-06-21T13:57:38.331] [INFO] infoFile - {
  route: '/socket.io/?EIO=4&transport=polling&t=O67e9eQ',
  method: '[GET]'
}
[2022-06-21T13:57:44.324] [INFO] infoFile - {
  route: '/socket.io/?EIO=4&transport=polling&t=O67eB63',
  method: '[GET]'
}
[2022-06-21T13:57:50.309] [INFO] infoFile - {
  route: '/socket.io/?EIO=4&transport=polling&t=O67eCZY',
  method: '[GET]'
}
[2022-06-21T13:57:56.309] [INFO] infoFile - {
  route: '/socket.io/?EIO=4&transport=polling&t=O67eE1J',
  method: '[GET]'
}
[2022-06-21T13:58:02.314] [INFO] infoFile - {
  route: '/socket.io/?EIO=4&transport=polling&t=O67eFV7',
  method: '[GET]'
}
[2022-06-21T13:58:08.312] [INFO] infoFile - {
  route: '/socket.io/?EIO=4&transport=polling&t=O67eGyq',
  method: '[GET]'
}
[2022-06-21T13:58:14.315] [INFO] infoFile - {
  route: '/socket.io/?EIO=4&transport=polling&t=O67eIQe',
  method: '[GET]'
}
[2022-06-21T13:58:20.319] [INFO] infoFile - {
  route: '/socket.io/?EIO=4&transport=polling&t=O67eJuR',
  method: '[GET]'
}
[2022-06-21T13:58:26.317] [INFO] infoFile - {
  route: '/socket.io/?EIO=4&transport=polling&t=O67eLM7',
  method: '[GET]'
}
[2022-06-21T13:58:32.315] [INFO] infoFile - {
  route: '/socket.io/?EIO=4&transport=polling&t=O67eMpw',
  method: '[GET]'
}
[2022-06-21T13:58:38.306] [INFO] infoFile - {
  route: '/socket.io/?EIO=4&transport=polling&t=O67eOHW',
  method: '[GET]'
}
[2022-06-21T13:58:44.304] [INFO] infoFile - {
  route: '/socket.io/?EIO=4&transport=polling&t=O67ePlF',
  method: '[GET]'
}
[2022-06-21T13:58:50.305] [INFO] infoFile - {
  route: '/socket.io/?EIO=4&transport=polling&t=O67eRD2',
  method: '[GET]'
}
[2022-06-21T13:58:56.314] [INFO] infoFile - {
  route: '/socket.io/?EIO=4&transport=polling&t=O67eSgu',
  method: '[GET]'
}
[2022-06-21T13:59:02.302] [INFO] infoFile - {
  route: '/socket.io/?EIO=4&transport=polling&t=O67eU8Z',
  method: '[GET]'
}
[2022-06-21T13:59:08.313] [INFO] infoFile - {
  route: '/socket.io/?EIO=4&transport=polling&t=O67eVcN',
  method: '[GET]'
}
[2022-06-21T13:59:14.316] [INFO] infoFile - {
  route: '/socket.io/?EIO=4&transport=polling&t=O67eX4A',
  method: '[GET]'
}
[2022-06-21T13:59:20.308] [INFO] infoFile - {
  route: '/socket.io/?EIO=4&transport=polling&t=O67eYXs',
  method: '[GET]'
}
[2022-06-21T13:59:26.310] [INFO] infoFile - {
  route: '/socket.io/?EIO=4&transport=polling&t=O67eZ_g',
  method: '[GET]'
}
[2022-06-21T13:59:32.316] [INFO] infoFile - {
  route: '/socket.io/?EIO=4&transport=polling&t=O67ebTU',
  method: '[GET]'
}
[2022-06-21T13:59:38.309] [INFO] infoFile - {
  route: '/socket.io/?EIO=4&transport=polling&t=O67ecx9',
  method: '[GET]'
}
[2022-06-21T13:59:44.316] [INFO] infoFile - {
  route: '/socket.io/?EIO=4&transport=polling&t=O67eeOy',
  method: '[GET]'
}
[2022-06-21T13:59:50.313] [INFO] infoFile - {
  route: '/socket.io/?EIO=4&transport=polling&t=O67efsi',
  method: '[GET]'
}
[2022-06-21T13:59:56.314] [INFO] infoFile - {
  route: '/socket.io/?EIO=4&transport=polling&t=O67ehKQ',
  method: '[GET]'
}
[2022-06-21T14:00:02.298] [INFO] infoFile - {
  route: '/socket.io/?EIO=4&transport=polling&t=O67eio0',
  method: '[GET]'
}
[2022-06-21T14:00:08.314] [INFO] infoFile - {
  route: '/socket.io/?EIO=4&transport=polling&t=O67ekF-',
  method: '[GET]'
}
[2022-06-21T14:00:14.308] [INFO] infoFile - {
  route: '/socket.io/?EIO=4&transport=polling&t=O67eljf',
  method: '[GET]'
}
[2022-06-21T14:00:20.306] [INFO] infoFile - {
  route: '/socket.io/?EIO=4&transport=polling&t=O67enBP',
  method: '[GET]'
}
[2022-06-21T14:00:26.316] [INFO] infoFile - {
  route: '/socket.io/?EIO=4&transport=polling&t=O67eofG',
  method: '[GET]'
}
[2022-06-21T14:00:32.316] [INFO] infoFile - {
  route: '/socket.io/?EIO=4&transport=polling&t=O67eq6v',
  method: '[GET]'
}
[2022-06-21T14:00:38.318] [INFO] infoFile - {
  route: '/socket.io/?EIO=4&transport=polling&t=O67erai',
  method: '[GET]'
}
[2022-06-21T14:00:44.310] [INFO] infoFile - {
  route: '/socket.io/?EIO=4&transport=polling&t=O67et2Q',
  method: '[GET]'
}
[2022-06-21T14:00:50.308] [INFO] infoFile - {
  route: '/socket.io/?EIO=4&transport=polling&t=O67euW5',
  method: '[GET]'
}
[2022-06-21T14:00:56.312] [INFO] infoFile - {
  route: '/socket.io/?EIO=4&transport=polling&t=O67evzu',
  method: '[GET]'
}
[2022-06-21T14:01:02.316] [INFO] infoFile - {
  route: '/socket.io/?EIO=4&transport=polling&t=O67exRh',
  method: '[GET]'
}
[2022-06-21T14:01:08.316] [INFO] infoFile - {
  route: '/socket.io/?EIO=4&transport=polling&t=O67eyvN',
  method: '[GET]'
}
[2022-06-21T14:01:14.314] [INFO] infoFile - {
  route: '/socket.io/?EIO=4&transport=polling&t=O67e-NB',
  method: '[GET]'
}
[2022-06-21T14:01:20.321] [INFO] infoFile - {
  route: '/socket.io/?EIO=4&transport=polling&t=O67e_qz',
  method: '[GET]'
}
[2022-06-21T14:01:26.322] [INFO] infoFile - {
  route: '/socket.io/?EIO=4&transport=polling&t=O67f1Il',
  method: '[GET]'
}
[2022-06-21T14:01:32.312] [INFO] infoFile - {
  route: '/socket.io/?EIO=4&transport=polling&t=O67f2mQ',
  method: '[GET]'
}
[2022-06-21T14:01:38.304] [INFO] infoFile - {
  route: '/socket.io/?EIO=4&transport=polling&t=O67f4D_',
  method: '[GET]'
}
[2022-06-21T14:01:44.301] [INFO] infoFile - {
  route: '/socket.io/?EIO=4&transport=polling&t=O67f5hi',
  method: '[GET]'
}
[2022-06-21T14:01:50.301] [INFO] infoFile - {
  route: '/socket.io/?EIO=4&transport=polling&t=O67f79U',
  method: '[GET]'
}
[2022-06-21T14:01:56.320] [INFO] infoFile - {
  route: '/socket.io/?EIO=4&transport=polling&t=O67f8dU',
  method: '[GET]'
}
[2022-06-21T14:02:02.301] [INFO] infoFile - {
  route: '/socket.io/?EIO=4&transport=polling&t=O67fA4y',
  method: '[GET]'
}
[2022-06-21T14:02:08.304] [INFO] infoFile - {
  route: '/socket.io/?EIO=4&transport=polling&t=O67fBYj',
  method: '[GET]'
}
[2022-06-21T14:02:14.309] [INFO] infoFile - {
  route: '/socket.io/?EIO=4&transport=polling&t=O67fD0V',
  method: '[GET]'
}
[2022-06-21T14:02:20.300] [INFO] infoFile - {
  route: '/socket.io/?EIO=4&transport=polling&t=O67fEUC',
  method: '[GET]'
}
[2022-06-21T14:02:26.303] [INFO] infoFile - {
  route: '/socket.io/?EIO=4&transport=polling&t=O67fFx_',
  method: '[GET]'
}
[2022-06-21T14:02:32.324] [INFO] infoFile - {
  route: '/socket.io/?EIO=4&transport=polling&t=O67fHQ3',
  method: '[GET]'
}
[2022-06-21T14:02:38.304] [INFO] infoFile - {
  route: '/socket.io/?EIO=4&transport=polling&t=O67fItW',
  method: '[GET]'
}
[2022-06-21T14:02:44.311] [INFO] infoFile - {
  route: '/socket.io/?EIO=4&transport=polling&t=O67fKLL',
  method: '[GET]'
}
[2022-06-21T14:02:50.307] [INFO] infoFile - {
  route: '/socket.io/?EIO=4&transport=polling&t=O67fLp2',
  method: '[GET]'
}
[2022-06-21T14:02:56.302] [INFO] infoFile - {
  route: '/socket.io/?EIO=4&transport=polling&t=O67fNGn',
  method: '[GET]'
}
[2022-06-21T14:03:02.306] [INFO] infoFile - {
  route: '/socket.io/?EIO=4&transport=polling&t=O67fOkX',
  method: '[GET]'
}
[2022-06-21T14:03:08.315] [INFO] infoFile - {
  route: '/socket.io/?EIO=4&transport=polling&t=O67fQCP',
  method: '[GET]'
}
[2022-06-21T14:03:14.307] [INFO] infoFile - {
  route: '/socket.io/?EIO=4&transport=polling&t=O67fRf_',
  method: '[GET]'
}
[2022-06-21T14:03:20.319] [INFO] infoFile - {
  route: '/socket.io/?EIO=4&transport=polling&t=O67fT7x',
  method: '[GET]'
}
[2022-06-21T14:03:26.307] [INFO] infoFile - {
  route: '/socket.io/?EIO=4&transport=polling&t=O67fUbV',
  method: '[GET]'
}
[2022-06-21T14:03:32.311] [INFO] infoFile - {
  route: '/socket.io/?EIO=4&transport=polling&t=O67fW3K',
  method: '[GET]'
}
[2022-06-21T14:03:38.307] [INFO] infoFile - {
  route: '/socket.io/?EIO=4&transport=polling&t=O67fXW_',
  method: '[GET]'
}
[2022-06-21T14:03:44.317] [INFO] infoFile - {
  route: '/socket.io/?EIO=4&transport=polling&t=O67fY-r',
  method: '[GET]'
}
[2022-06-21T14:03:50.317] [INFO] infoFile - {
  route: '/socket.io/?EIO=4&transport=polling&t=O67faSf',
  method: '[GET]'
}
[2022-06-21T14:03:56.321] [INFO] infoFile - {
  route: '/socket.io/?EIO=4&transport=polling&t=O67fbwV',
  method: '[GET]'
}
[2022-06-21T14:04:02.304] [INFO] infoFile - {
  route: '/socket.io/?EIO=4&transport=polling&t=O67fdN-',
  method: '[GET]'
}
[2022-06-21T14:04:08.305] [INFO] infoFile - {
  route: '/socket.io/?EIO=4&transport=polling&t=O67ferl',
  method: '[GET]'
}
[2022-06-21T14:04:14.302] [INFO] infoFile - {
  route: '/socket.io/?EIO=4&transport=polling&t=O67fgJV',
  method: '[GET]'
}
[2022-06-21T14:04:20.313] [INFO] infoFile - {
  route: '/socket.io/?EIO=4&transport=polling&t=O67fhnR',
  method: '[GET]'
}
[2022-06-21T14:04:26.309] [INFO] infoFile - {
  route: '/socket.io/?EIO=4&transport=polling&t=O67fjF8',
  method: '[GET]'
}
[2022-06-21T14:04:32.304] [INFO] infoFile - {
  route: '/socket.io/?EIO=4&transport=polling&t=O67fkio',
  method: '[GET]'
}
[2022-06-21T14:04:38.309] [INFO] infoFile - {
  route: '/socket.io/?EIO=4&transport=polling&t=O67fmAd',
  method: '[GET]'
}
[2022-06-21T14:04:44.297] [INFO] infoFile - {
  route: '/socket.io/?EIO=4&transport=polling&t=O67fneF',
  method: '[GET]'
}
[2022-06-21T14:04:50.313] [INFO] infoFile - {
  route: '/socket.io/?EIO=4&transport=polling&t=O67fp6E',
  method: '[GET]'
}
[2022-06-21T14:04:56.306] [INFO] infoFile - {
  route: '/socket.io/?EIO=4&transport=polling&t=O67fqZu',
  method: '[GET]'
}
[2022-06-21T14:05:02.308] [INFO] infoFile - {
  route: '/socket.io/?EIO=4&transport=polling&t=O67fs1f',
  method: '[GET]'
}
[2022-06-21T14:05:08.303] [INFO] infoFile - {
  route: '/socket.io/?EIO=4&transport=polling&t=O67ftVL',
  method: '[GET]'
}
[2022-06-21T14:05:14.310] [INFO] infoFile - {
  route: '/socket.io/?EIO=4&transport=polling&t=O67fuz4',
  method: '[GET]'
}
[2022-06-21T14:05:20.313] [INFO] infoFile - {
  route: '/socket.io/?EIO=4&transport=polling&t=O67fwQt',
  method: '[GET]'
}
[2022-06-21T14:05:26.311] [INFO] infoFile - {
  route: '/socket.io/?EIO=4&transport=polling&t=O67fxub',
  method: '[GET]'
}
[2022-06-21T14:05:32.309] [INFO] infoFile - {
  route: '/socket.io/?EIO=4&transport=polling&t=O67fzMI',
  method: '[GET]'
}
[2022-06-21T14:05:38.306] [INFO] infoFile - {
  route: '/socket.io/?EIO=4&transport=polling&t=O67f-q0',
  method: '[GET]'
}
[2022-06-21T14:05:44.305] [INFO] infoFile - {
  route: '/socket.io/?EIO=4&transport=polling&t=O67g0Hm',
  method: '[GET]'
}
[2022-06-21T14:05:50.305] [INFO] infoFile - {
  route: '/socket.io/?EIO=4&transport=polling&t=O67g1lV',
  method: '[GET]'
}
[2022-06-21T14:05:56.305] [INFO] infoFile - {
  route: '/socket.io/?EIO=4&transport=polling&t=O67g3DF',
  method: '[GET]'
}
[2022-06-21T14:06:02.312] [INFO] infoFile - {
  route: '/socket.io/?EIO=4&transport=polling&t=O67g4h6',
  method: '[GET]'
}
[2022-06-21T14:06:08.325] [INFO] infoFile - {
  route: '/socket.io/?EIO=4&transport=polling&t=O67g693',
  method: '[GET]'
}
[2022-06-21T14:06:14.315] [INFO] infoFile - {
  route: '/socket.io/?EIO=4&transport=polling&t=O67g7cf',
  method: '[GET]'
}
[2022-06-21T14:06:20.309] [INFO] infoFile - {
  route: '/socket.io/?EIO=4&transport=polling&t=O67g94L',
  method: '[GET]'
}
[2022-06-21T14:06:23.612] [INFO] infoFile - { route: '/api/auth/login', method: '[POST]' }
[2022-06-21T14:06:23.907] [INFO] infoFile - { route: '/api/data/product/get', method: '[GET]' }
[2022-06-21T14:06:26.313] [INFO] infoFile - {
  route: '/socket.io/?EIO=4&transport=polling&t=O67gAY8',
  method: '[GET]'
}
[2022-06-21T14:06:32.308] [INFO] infoFile - {
  route: '/socket.io/?EIO=4&transport=polling&t=O67gB_o',
  method: '[GET]'
}
[2022-06-21T14:18:17.338] [INFO] infoFile - { route: '/api/auth/login', method: '[POST]' }
[2022-06-21T14:18:17.879] [INFO] infoFile - { route: '/api/data/product/get', method: '[GET]' }
[2022-06-21T14:19:16.008] [INFO] infoFile - { route: '/api/auth/login', method: '[POST]' }
[2022-06-21T14:19:16.507] [INFO] infoFile - { route: '/api/data/product/get', method: '[GET]' }
[2022-06-21T14:19:37.813] [INFO] infoFile - { route: '/api/auth/login', method: '[POST]' }
[2022-06-21T14:19:38.324] [INFO] infoFile - { route: '/api/data/product/get', method: '[GET]' }
[2022-06-21T14:19:54.141] [INFO] infoFile - { route: '/api/auth/login', method: '[POST]' }
[2022-06-21T14:19:54.711] [INFO] infoFile - { route: '/api/data/product/get', method: '[GET]' }
[2022-06-21T14:21:26.700] [INFO] infoFile - { route: '/api/auth/login', method: '[POST]' }
[2022-06-21T14:21:27.208] [INFO] infoFile - { route: '/api/data/product/get', method: '[GET]' }
[2022-06-21T14:22:58.892] [INFO] infoFile - { route: '/api/auth/login', method: '[POST]' }
[2022-06-21T14:22:59.441] [INFO] infoFile - { route: '/api/data/product/get', method: '[GET]' }
[2022-06-21T14:27:21.697] [INFO] infoFile - { route: '/api/auth/login', method: '[POST]' }
[2022-06-21T14:27:22.395] [INFO] infoFile - { route: '/api/data/product/get', method: '[GET]' }
[2022-06-21T14:28:47.374] [INFO] infoFile - { route: '/api/auth/login', method: '[POST]' }
[2022-06-21T14:28:48.082] [INFO] infoFile - { route: '/api/data/product/get', method: '[GET]' }
