[2022-06-21T09:41:47.874] [WARN] warningFile - { route: '/', method: '[POST]' }
[2022-06-21T09:42:52.901] [WARN] warningFile - { route: '/', method: '[POST]' }
[2022-06-21T09:43:06.368] [WARN] warningFile - { route: '/', method: '[POST]' }
[2022-06-21T09:43:59.396] [WARN] warningFile - { route: '/', method: '[POST]' }
[2022-06-21T09:44:18.017] [WARN] warningFile - { route: '/', method: '[POST]' }
[2022-06-21T09:45:13.818] [WARN] warningFile - { route: '/', method: '[POST]' }
[2022-06-21T09:45:37.781] [WARN] warningFile - { route: '/', method: '[POST]' }
[2022-06-21T09:46:07.176] [WARN] warningFile - { route: '/', method: '[POST]' }
[2022-06-21T09:46:44.803] [WARN] warningFile - { route: '/', method: '[POST]' }
[2022-06-21T09:54:29.823] [WARN] warningFile - { route: '/', method: '[GET]' }
[2022-06-21T09:54:33.094] [WARN] warningFile - { route: '/', method: '[GET]' }
[2022-06-21T09:54:50.623] [WARN] warningFile - { route: '/', method: '[GET]' }
[2022-06-21T09:55:22.510] [WARN] warningFile - { route: '/', method: '[GET]' }
[2022-06-21T09:56:08.199] [WARN] warningFile - { route: '/', method: '[GET]' }
[2022-06-21T11:34:09.718] [WARN] warningFile - { route: '/', method: '[GET]' }
[2022-06-21T11:34:12.927] [WARN] warningFile - { route: '/', method: '[GET]' }
[2022-06-21T11:34:21.815] [WARN] warningFile - { route: '/', method: '[GET]' }
[2022-06-21T11:35:01.639] [WARN] warningFile - { route: '/', method: '[GET]' }
[2022-06-21T11:35:44.719] [WARN] warningFile - { route: '/', method: '[GET]' }
[2022-06-21T11:35:56.474] [WARN] warningFile - { route: '/', method: '[GET]' }
[2022-06-21T12:30:27.951] [WARN] warningFile - { route: '/', method: '[POST]' }
[2022-06-21T13:10:18.280] [WARN] warningFile - { route: '/', method: '[GET]' }
[2022-06-21T13:10:26.647] [WARN] warningFile - { route: '/', method: '[GET]' }
[2022-06-21T13:10:30.932] [WARN] warningFile - { route: '/', method: '[GET]' }
[2022-06-21T13:18:04.092] [WARN] warningFile - { route: '/?EIO=4&transport=polling&t=O67V5Yz', method: '[GET]' }
[2022-06-21T13:18:08.312] [WARN] warningFile - { route: '/?EIO=4&transport=polling&t=O67V70n', method: '[GET]' }
[2022-06-21T13:18:14.322] [WARN] warningFile - { route: '/?EIO=4&transport=polling&t=O67V8Ui', method: '[GET]' }
[2022-06-21T13:18:20.329] [WARN] warningFile - { route: '/?EIO=4&transport=polling&t=O67V9yE', method: '[GET]' }
[2022-06-21T13:18:26.053] [WARN] warningFile - { route: '/?EIO=4&transport=polling&t=O67VBLk', method: '[GET]' }
[2022-06-21T13:18:31.077] [WARN] warningFile - { route: '/?EIO=4&transport=polling&t=O67VCaP', method: '[GET]' }
[2022-06-21T13:18:36.095] [WARN] warningFile - { route: '/?EIO=4&transport=polling&t=O67VDot', method: '[GET]' }
[2022-06-21T13:18:41.113] [WARN] warningFile - { route: '/?EIO=4&transport=polling&t=O67VF1B', method: '[GET]' }
[2022-06-21T13:18:46.315] [WARN] warningFile - { route: '/?EIO=4&transport=polling&t=O67VGIa', method: '[GET]' }
[2022-06-21T13:18:52.318] [WARN] warningFile - { route: '/?EIO=4&transport=polling&t=O67VHmO', method: '[GET]' }
[2022-06-21T13:18:58.313] [WARN] warningFile - { route: '/?EIO=4&transport=polling&t=O67VJE2', method: '[GET]' }
[2022-06-21T13:19:04.322] [WARN] warningFile - { route: '/?EIO=4&transport=polling&t=O67VKht', method: '[GET]' }
[2022-06-21T13:19:10.319] [WARN] warningFile - { route: '/?EIO=4&transport=polling&t=O67VM9e', method: '[GET]' }
[2022-06-21T13:19:16.318] [WARN] warningFile - { route: '/?EIO=4&transport=polling&t=O67VNdQ', method: '[GET]' }
[2022-06-21T13:19:22.318] [WARN] warningFile - { route: '/?EIO=4&transport=polling&t=O67VP59', method: '[GET]' }
[2022-06-21T13:19:28.311] [WARN] warningFile - { route: '/?EIO=4&transport=polling&t=O67VQYp', method: '[GET]' }
[2022-06-21T13:19:34.320] [WARN] warningFile - { route: '/?EIO=4&transport=polling&t=O67VS0i', method: '[GET]' }
[2022-06-21T13:19:40.319] [WARN] warningFile - { route: '/?EIO=4&transport=polling&t=O67VTUQ', method: '[GET]' }
[2022-06-21T13:19:46.311] [WARN] warningFile - { route: '/?EIO=4&transport=polling&t=O67VUy3', method: '[GET]' }
[2022-06-21T13:19:52.312] [WARN] warningFile - { route: '/?EIO=4&transport=polling&t=O67VWPj', method: '[GET]' }
[2022-06-21T13:19:58.318] [WARN] warningFile - { route: '/?EIO=4&transport=polling&t=O67VXtd', method: '[GET]' }
[2022-06-21T13:20:04.314] [WARN] warningFile - { route: '/?EIO=4&transport=polling&t=O67VZLJ', method: '[GET]' }
[2022-06-21T13:20:10.317] [WARN] warningFile - { route: '/?EIO=4&transport=polling&t=O67VapA', method: '[GET]' }
[2022-06-21T13:20:16.309] [WARN] warningFile - { route: '/?EIO=4&transport=polling&t=O67VcGl', method: '[GET]' }
[2022-06-21T13:20:22.323] [WARN] warningFile - { route: '/?EIO=4&transport=polling&t=O67Vdkf', method: '[GET]' }
[2022-06-21T13:20:28.315] [WARN] warningFile - { route: '/?EIO=4&transport=polling&t=O67VfCP', method: '[GET]' }
[2022-06-21T13:20:34.327] [WARN] warningFile - { route: '/?EIO=4&transport=polling&t=O67VggC', method: '[GET]' }
[2022-06-21T13:20:40.318] [WARN] warningFile - { route: '/?EIO=4&transport=polling&t=O67Vi7v', method: '[GET]' }
[2022-06-21T13:20:46.319] [WARN] warningFile - { route: '/?EIO=4&transport=polling&t=O67Vjbi', method: '[GET]' }
[2022-06-21T13:20:52.318] [WARN] warningFile - { route: '/?EIO=4&transport=polling&t=O67Vl3L', method: '[GET]' }
[2022-06-21T13:20:58.316] [WARN] warningFile - { route: '/?EIO=4&transport=polling&t=O67VmXA', method: '[GET]' }
[2022-06-21T13:21:04.312] [WARN] warningFile - { route: '/?EIO=4&transport=polling&t=O67Vn-r', method: '[GET]' }
[2022-06-21T13:21:10.308] [WARN] warningFile - { route: '/?EIO=4&transport=polling&t=O67VpSW', method: '[GET]' }
[2022-06-21T13:21:16.308] [WARN] warningFile - { route: '/?EIO=4&transport=polling&t=O67VqwG', method: '[GET]' }
[2022-06-21T13:21:22.314] [WARN] warningFile - { route: '/?EIO=4&transport=polling&t=O67VsO1', method: '[GET]' }
[2022-06-21T13:21:28.322] [WARN] warningFile - { route: '/?EIO=4&transport=polling&t=O67Vtrw', method: '[GET]' }
[2022-06-21T13:21:34.320] [WARN] warningFile - { route: '/?EIO=4&transport=polling&t=O67VvJg', method: '[GET]' }
[2022-06-21T13:21:40.317] [WARN] warningFile - { route: '/?EIO=4&transport=polling&t=O67VwnR', method: '[GET]' }
[2022-06-21T13:21:46.318] [WARN] warningFile - { route: '/?EIO=4&transport=polling&t=O67VyFB', method: '[GET]' }
[2022-06-21T13:21:52.310] [WARN] warningFile - { route: '/?EIO=4&transport=polling&t=O67Vziq', method: '[GET]' }
[2022-06-21T13:21:58.321] [WARN] warningFile - { route: '/?EIO=4&transport=polling&t=O67V_Ai', method: '[GET]' }
[2022-06-21T13:22:04.308] [WARN] warningFile - { route: '/?EIO=4&transport=polling&t=O67W0eI', method: '[GET]' }
[2022-06-21T13:22:10.308] [WARN] warningFile - { route: '/?EIO=4&transport=polling&t=O67W261', method: '[GET]' }
[2022-06-21T13:22:16.316] [WARN] warningFile - { route: '/?EIO=4&transport=polling&t=O67W3Zu', method: '[GET]' }
[2022-06-21T13:22:22.311] [WARN] warningFile - { route: '/?EIO=4&transport=polling&t=O67W51Z', method: '[GET]' }
[2022-06-21T13:22:28.318] [WARN] warningFile - { route: '/?EIO=4&transport=polling&t=O67W6VR', method: '[GET]' }
[2022-06-21T13:22:34.317] [WARN] warningFile - { route: '/?EIO=4&transport=polling&t=O67W7z6', method: '[GET]' }
[2022-06-21T13:22:40.313] [WARN] warningFile - { route: '/?EIO=4&transport=polling&t=O67W9Qo', method: '[GET]' }
[2022-06-21T13:22:46.310] [WARN] warningFile - { route: '/?EIO=4&transport=polling&t=O67WAuW', method: '[GET]' }
[2022-06-21T13:22:52.313] [WARN] warningFile - { route: '/?EIO=4&transport=polling&t=O67WCMJ', method: '[GET]' }
[2022-06-21T13:22:58.306] [WARN] warningFile - { route: '/?EIO=4&transport=polling&t=O67WDp_', method: '[GET]' }
[2022-06-21T13:23:04.307] [WARN] warningFile - { route: '/?EIO=4&transport=polling&t=O67WFHm', method: '[GET]' }
[2022-06-21T13:23:10.318] [WARN] warningFile - { route: '/?EIO=4&transport=polling&t=O67WGld', method: '[GET]' }
[2022-06-21T13:23:16.304] [WARN] warningFile - { route: '/?EIO=4&transport=polling&t=O67WIDC', method: '[GET]' }
[2022-06-21T13:23:22.314] [WARN] warningFile - { route: '/?EIO=4&transport=polling&t=O67WJh9', method: '[GET]' }
[2022-06-21T13:23:28.312] [WARN] warningFile - { route: '/?EIO=4&transport=polling&t=O67WL8r', method: '[GET]' }
[2022-06-21T13:23:34.310] [WARN] warningFile - { route: '/?EIO=4&transport=polling&t=O67WMcY', method: '[GET]' }
[2022-06-21T13:23:40.318] [WARN] warningFile - { route: '/?EIO=4&transport=polling&t=O67WO4Q', method: '[GET]' }
[2022-06-21T13:23:46.311] [WARN] warningFile - { route: '/?EIO=4&transport=polling&t=O67WPY3', method: '[GET]' }
[2022-06-21T13:23:52.305] [WARN] warningFile - { route: '/?EIO=4&transport=polling&t=O67WQ_l', method: '[GET]' }
[2022-06-21T13:23:58.312] [WARN] warningFile - { route: '/?EIO=4&transport=polling&t=O67WSTd', method: '[GET]' }
[2022-06-21T13:24:04.318] [WARN] warningFile - { route: '/?EIO=4&transport=polling&t=O67WTxR', method: '[GET]' }
[2022-06-21T13:24:10.305] [WARN] warningFile - { route: '/?EIO=4&transport=polling&t=O67WVO_', method: '[GET]' }
[2022-06-21T13:24:16.314] [WARN] warningFile - { route: '/?EIO=4&transport=polling&t=O67WWsw', method: '[GET]' }
[2022-06-21T13:24:22.313] [WARN] warningFile - { route: '/?EIO=4&transport=polling&t=O67WYKX', method: '[GET]' }
[2022-06-21T13:24:28.312] [WARN] warningFile - { route: '/?EIO=4&transport=polling&t=O67WZoK', method: '[GET]' }
[2022-06-21T13:24:34.315] [WARN] warningFile - { route: '/?EIO=4&transport=polling&t=O67WbG4', method: '[GET]' }
[2022-06-21T13:24:40.320] [WARN] warningFile - { route: '/?EIO=4&transport=polling&t=O67Wcjz', method: '[GET]' }
[2022-06-21T13:25:08.358] [WARN] warningFile - { route: '/?EIO=4&transport=polling&t=O67Wj42', method: '[GET]' }
[2022-06-21T13:25:14.317] [WARN] warningFile - { route: '/?EIO=4&transport=polling&t=O67Wl1D', method: '[GET]' }
[2022-06-21T13:25:20.310] [WARN] warningFile - { route: '/?EIO=4&transport=polling&t=O67WmUr', method: '[GET]' }
[2022-06-21T13:25:25.974] [WARN] warningFile - { route: '/', method: '[GET]' }
[2022-06-21T13:25:26.311] [WARN] warningFile - { route: '/?EIO=4&transport=polling&t=O67Wnyd', method: '[GET]' }
[2022-06-21T13:25:33.448] [WARN] warningFile - { route: '/', method: '[GET]' }
[2022-06-21T13:25:54.103] [WARN] warningFile - { route: '/?EIO=4&transport=polling&t=O67WuIy', method: '[GET]' }
[2022-06-21T13:25:59.298] [WARN] warningFile - { route: '/?EIO=4&transport=polling&t=O67Ww06', method: '[GET]' }
[2022-06-21T13:26:00.320] [WARN] warningFile - { route: '/', method: '[GET]' }
[2022-06-21T13:26:05.301] [WARN] warningFile - { route: '/?EIO=4&transport=polling&t=O67WxTw', method: '[GET]' }
[2022-06-21T13:26:11.305] [WARN] warningFile - { route: '/?EIO=4&transport=polling&t=O67Wyxj', method: '[GET]' }
[2022-06-21T13:26:17.341] [WARN] warningFile - { route: '/?EIO=4&transport=polling&t=O67W-PY', method: '[GET]' }
[2022-06-21T13:26:23.304] [WARN] warningFile - { route: '/?EIO=4&transport=polling&t=O67W_tD', method: '[GET]' }
[2022-06-21T13:26:29.304] [WARN] warningFile - { route: '/?EIO=4&transport=polling&t=O67X1Kx', method: '[GET]' }
[2022-06-21T13:26:35.297] [WARN] warningFile - { route: '/?EIO=4&transport=polling&t=O67X2ob', method: '[GET]' }
[2022-06-21T13:26:41.313] [WARN] warningFile - { route: '/?EIO=4&transport=polling&t=O67X4GU', method: '[GET]' }
[2022-06-21T13:26:47.303] [WARN] warningFile - { route: '/?EIO=4&transport=polling&t=O67X5kC', method: '[GET]' }
[2022-06-21T13:26:53.299] [WARN] warningFile - { route: '/?EIO=4&transport=polling&t=O67X7Bu', method: '[GET]' }
[2022-06-21T13:26:59.311] [WARN] warningFile - { route: '/?EIO=4&transport=polling&t=O67X8fg', method: '[GET]' }
[2022-06-21T13:27:05.314] [WARN] warningFile - { route: '/?EIO=4&transport=polling&t=O67XA7V', method: '[GET]' }
[2022-06-21T13:27:11.309] [WARN] warningFile - { route: '/?EIO=4&transport=polling&t=O67XBb9', method: '[GET]' }
[2022-06-21T13:27:17.317] [WARN] warningFile - { route: '/?EIO=4&transport=polling&t=O67XD32', method: '[GET]' }
[2022-06-21T13:27:23.321] [WARN] warningFile - { route: '/?EIO=4&transport=polling&t=O67XEWk', method: '[GET]' }
[2022-06-21T13:27:29.307] [WARN] warningFile - { route: '/?EIO=4&transport=polling&t=O67XF-O', method: '[GET]' }
[2022-06-21T13:27:35.318] [WARN] warningFile - { route: '/?EIO=4&transport=polling&t=O67XHSI', method: '[GET]' }
[2022-06-21T13:27:41.318] [WARN] warningFile - { route: '/?EIO=4&transport=polling&t=O67XIw4', method: '[GET]' }
[2022-06-21T13:27:47.318] [WARN] warningFile - { route: '/?EIO=4&transport=polling&t=O67XKNn', method: '[GET]' }
[2022-06-21T13:27:53.313] [WARN] warningFile - { route: '/?EIO=4&transport=polling&t=O67XLrV', method: '[GET]' }
[2022-06-21T13:27:59.314] [WARN] warningFile - { route: '/?EIO=4&transport=polling&t=O67XNJI', method: '[GET]' }
[2022-06-21T13:28:05.304] [WARN] warningFile - { route: '/?EIO=4&transport=polling&t=O67XOmz', method: '[GET]' }
[2022-06-21T13:28:11.308] [WARN] warningFile - { route: '/?EIO=4&transport=polling&t=O67XQEi', method: '[GET]' }
[2022-06-21T13:28:17.301] [WARN] warningFile - { route: '/?EIO=4&transport=polling&t=O67XRiS', method: '[GET]' }
[2022-06-21T13:28:23.297] [WARN] warningFile - { route: '/?EIO=4&transport=polling&t=O67XTA7', method: '[GET]' }
[2022-06-21T13:28:29.300] [WARN] warningFile - { route: '/?EIO=4&transport=polling&t=O67XUdv', method: '[GET]' }
[2022-06-21T13:28:35.300] [WARN] warningFile - { route: '/?EIO=4&transport=polling&t=O67XW5h', method: '[GET]' }
[2022-06-21T13:28:41.317] [WARN] warningFile - { route: '/?EIO=4&transport=polling&t=O67XXZf', method: '[GET]' }
[2022-06-21T13:28:47.302] [WARN] warningFile - { route: '/?EIO=4&transport=polling&t=O67XZ1E', method: '[GET]' }
[2022-06-21T13:28:53.295] [WARN] warningFile - { route: '/?EIO=4&transport=polling&t=O67XaUr', method: '[GET]' }
[2022-06-21T13:28:59.312] [WARN] warningFile - { route: '/?EIO=4&transport=polling&t=O67Xbyo', method: '[GET]' }
[2022-06-21T13:29:05.319] [WARN] warningFile - { route: '/?EIO=4&transport=polling&t=O67XdQZ', method: '[GET]' }
[2022-06-21T13:29:11.309] [WARN] warningFile - { route: '/?EIO=4&transport=polling&t=O67XeuA', method: '[GET]' }
[2022-06-21T13:29:17.314] [WARN] warningFile - { route: '/?EIO=4&transport=polling&t=O67XgLy', method: '[GET]' }
[2022-06-21T13:29:23.306] [WARN] warningFile - { route: '/?EIO=4&transport=polling&t=O67Xhpd', method: '[GET]' }
[2022-06-21T13:29:29.321] [WARN] warningFile - { route: '/?EIO=4&transport=polling&t=O67XjHb', method: '[GET]' }
[2022-06-21T13:29:35.316] [WARN] warningFile - { route: '/?EIO=4&transport=polling&t=O67XklH', method: '[GET]' }
[2022-06-21T13:29:41.330] [WARN] warningFile - { route: '/?EIO=4&transport=polling&t=O67XmD5', method: '[GET]' }
[2022-06-21T13:29:47.308] [WARN] warningFile - { route: '/?EIO=4&transport=polling&t=O67Xnge', method: '[GET]' }
[2022-06-21T13:29:53.319] [WARN] warningFile - { route: '/?EIO=4&transport=polling&t=O67Xp8V', method: '[GET]' }
[2022-06-21T13:29:59.315] [WARN] warningFile - { route: '/?EIO=4&transport=polling&t=O67XqcH', method: '[GET]' }
[2022-06-21T13:30:05.311] [WARN] warningFile - { route: '/?EIO=4&transport=polling&t=O67Xs3y', method: '[GET]' }
[2022-06-21T13:30:11.302] [WARN] warningFile - { route: '/?EIO=4&transport=polling&t=O67XtXc', method: '[GET]' }
[2022-06-21T13:30:17.309] [WARN] warningFile - { route: '/?EIO=4&transport=polling&t=O67Xu_W', method: '[GET]' }
[2022-06-21T13:30:23.293] [WARN] warningFile - { route: '/?EIO=4&transport=polling&t=O67XwT6', method: '[GET]' }
[2022-06-21T13:30:29.305] [WARN] warningFile - { route: '/?EIO=4&transport=polling&t=O67Xxw_', method: '[GET]' }
[2022-06-21T13:30:35.304] [WARN] warningFile - { route: '/?EIO=4&transport=polling&t=O67XzOd', method: '[GET]' }
[2022-06-21T13:30:41.299] [WARN] warningFile - { route: '/?EIO=4&transport=polling&t=O67X-sH', method: '[GET]' }
[2022-06-21T13:30:47.306] [WARN] warningFile - { route: '/?EIO=4&transport=polling&t=O67Y0K8', method: '[GET]' }
[2022-06-21T13:30:53.305] [WARN] warningFile - { route: '/?EIO=4&transport=polling&t=O67Y1nu', method: '[GET]' }
[2022-06-21T13:30:59.309] [WARN] warningFile - { route: '/?EIO=4&transport=polling&t=O67Y3Fi', method: '[GET]' }
[2022-06-21T13:31:05.313] [WARN] warningFile - { route: '/?EIO=4&transport=polling&t=O67Y4jQ', method: '[GET]' }
[2022-06-21T13:31:11.322] [WARN] warningFile - { route: '/?EIO=4&transport=polling&t=O67Y6BI', method: '[GET]' }
[2022-06-21T13:31:17.309] [WARN] warningFile - { route: '/?EIO=4&transport=polling&t=O67Y7ek', method: '[GET]' }
[2022-06-21T13:31:23.303] [WARN] warningFile - { route: '/?EIO=4&transport=polling&t=O67Y96T', method: '[GET]' }
[2022-06-21T13:31:29.313] [WARN] warningFile - { route: '/?EIO=4&transport=polling&t=O67YAaE', method: '[GET]' }
[2022-06-21T13:31:35.320] [WARN] warningFile - { route: '/?EIO=4&transport=polling&t=O67YC2J', method: '[GET]' }
[2022-06-21T13:31:41.308] [WARN] warningFile - { route: '/?EIO=4&transport=polling&t=O67YDVu', method: '[GET]' }
[2022-06-21T13:31:47.309] [WARN] warningFile - { route: '/?EIO=4&transport=polling&t=O67YEzc', method: '[GET]' }
[2022-06-21T13:31:53.306] [WARN] warningFile - { route: '/?EIO=4&transport=polling&t=O67YGRQ', method: '[GET]' }
[2022-06-21T13:31:59.318] [WARN] warningFile - { route: '/?EIO=4&transport=polling&t=O67YHvL', method: '[GET]' }
[2022-06-21T13:32:05.311] [WARN] warningFile - { route: '/?EIO=4&transport=polling&t=O67YJMv', method: '[GET]' }
[2022-06-21T13:32:11.307] [WARN] warningFile - { route: '/?EIO=4&transport=polling&t=O67YKqd', method: '[GET]' }
[2022-06-21T13:32:17.310] [WARN] warningFile - { route: '/?EIO=4&transport=polling&t=O67YMIU', method: '[GET]' }
[2022-06-21T13:32:23.311] [WARN] warningFile - { route: '/?EIO=4&transport=polling&t=O67YNmE', method: '[GET]' }
[2022-06-21T13:32:29.304] [WARN] warningFile - { route: '/?EIO=4&transport=polling&t=O67YPDv', method: '[GET]' }
[2022-06-21T13:32:35.306] [WARN] warningFile - { route: '/?EIO=4&transport=polling&t=O67YQhi', method: '[GET]' }
[2022-06-21T13:32:41.304] [WARN] warningFile - { route: '/?EIO=4&transport=polling&t=O67YS9R', method: '[GET]' }
[2022-06-21T13:32:47.298] [WARN] warningFile - { route: '/?EIO=4&transport=polling&t=O67YTd6', method: '[GET]' }
[2022-06-21T13:32:53.300] [WARN] warningFile - { route: '/?EIO=4&transport=polling&t=O67YV4u', method: '[GET]' }
[2022-06-21T13:32:59.308] [WARN] warningFile - { route: '/?EIO=4&transport=polling&t=O67YWYl', method: '[GET]' }
[2022-06-21T13:33:05.304] [WARN] warningFile - { route: '/?EIO=4&transport=polling&t=O67YY0S', method: '[GET]' }
[2022-06-21T13:33:11.311] [WARN] warningFile - { route: '/?EIO=4&transport=polling&t=O67YZUI', method: '[GET]' }
[2022-06-21T13:33:17.310] [WARN] warningFile - { route: '/?EIO=4&transport=polling&t=O67Yax_', method: '[GET]' }
[2022-06-21T13:33:23.309] [WARN] warningFile - { route: '/?EIO=4&transport=polling&t=O67YcPf', method: '[GET]' }
[2022-06-21T13:33:29.321] [WARN] warningFile - { route: '/?EIO=4&transport=polling&t=O67YdtT', method: '[GET]' }
[2022-06-21T13:33:35.322] [WARN] warningFile - { route: '/?EIO=4&transport=polling&t=O67YfLK', method: '[GET]' }
[2022-06-21T13:33:41.310] [WARN] warningFile - { route: '/?EIO=4&transport=polling&t=O67Ygov', method: '[GET]' }
[2022-06-21T13:33:47.329] [WARN] warningFile - { route: '/?EIO=4&transport=polling&t=O67YiGq', method: '[GET]' }
[2022-06-21T13:33:53.320] [WARN] warningFile - { route: '/?EIO=4&transport=polling&t=O67YjkY', method: '[GET]' }
[2022-06-21T13:33:59.308] [WARN] warningFile - { route: '/?EIO=4&transport=polling&t=O67YlC6', method: '[GET]' }
[2022-06-21T13:34:05.323] [WARN] warningFile - { route: '/?EIO=4&transport=polling&t=O67Ymf-', method: '[GET]' }
[2022-06-21T13:34:11.306] [WARN] warningFile - { route: '/?EIO=4&transport=polling&t=O67Yo7b', method: '[GET]' }
[2022-06-21T13:34:17.333] [WARN] warningFile - { route: '/?EIO=4&transport=polling&t=O67Ypbc', method: '[GET]' }
[2022-06-21T13:34:33.322] [WARN] warningFile - { route: '/?EIO=4&transport=polling&t=O67YtVY', method: '[GET]' }
[2022-06-21T13:34:39.297] [WARN] warningFile - { route: '/?EIO=4&transport=polling&t=O67Yuz8', method: '[GET]' }
[2022-06-21T13:34:45.305] [WARN] warningFile - { route: '/?EIO=4&transport=polling&t=O67YwQ_', method: '[GET]' }
[2022-06-21T13:34:51.302] [WARN] warningFile - { route: '/?EIO=4&transport=polling&t=O67Yxue', method: '[GET]' }
[2022-06-21T13:34:57.292] [WARN] warningFile - { route: '/?EIO=4&transport=polling&t=O67YzMM', method: '[GET]' }
[2022-06-21T13:35:03.305] [WARN] warningFile - { route: '/?EIO=4&transport=polling&t=O67Y-qI', method: '[GET]' }
[2022-06-21T13:35:09.314] [WARN] warningFile - { route: '/?EIO=4&transport=polling&t=O67Z0I5', method: '[GET]' }
[2022-06-21T13:35:15.301] [WARN] warningFile - { route: '/?EIO=4&transport=polling&t=O67Z1ld', method: '[GET]' }
[2022-06-21T13:35:21.307] [WARN] warningFile - { route: '/?EIO=4&transport=polling&t=O67Z3DT', method: '[GET]' }
[2022-06-21T13:35:27.297] [WARN] warningFile - { route: '/?EIO=4&transport=polling&t=O67Z4hA', method: '[GET]' }
[2022-06-21T13:35:33.307] [WARN] warningFile - { route: '/?EIO=4&transport=polling&t=O67Z68x', method: '[GET]' }
[2022-06-21T13:35:39.306] [WARN] warningFile - { route: '/?EIO=4&transport=polling&t=O67Z7ce', method: '[GET]' }
[2022-06-21T13:35:45.305] [WARN] warningFile - { route: '/?EIO=4&transport=polling&t=O67Z94N', method: '[GET]' }
[2022-06-21T13:35:51.318] [WARN] warningFile - { route: '/?EIO=4&transport=polling&t=O67ZAYB', method: '[GET]' }
[2022-06-21T13:35:57.315] [WARN] warningFile - { route: '/?EIO=4&transport=polling&t=O67ZB_p', method: '[GET]' }
[2022-06-21T13:36:03.315] [WARN] warningFile - { route: '/?EIO=4&transport=polling&t=O67ZDTc', method: '[GET]' }
[2022-06-21T13:36:09.311] [WARN] warningFile - { route: '/?EIO=4&transport=polling&t=O67ZExG', method: '[GET]' }
[2022-06-21T13:36:15.308] [WARN] warningFile - { route: '/?EIO=4&transport=polling&t=O67ZGP1', method: '[GET]' }
[2022-06-21T13:36:21.299] [WARN] warningFile - { route: '/?EIO=4&transport=polling&t=O67ZHsf', method: '[GET]' }
[2022-06-21T13:36:27.299] [WARN] warningFile - { route: '/?EIO=4&transport=polling&t=O67ZJKO', method: '[GET]' }
[2022-06-21T13:36:33.300] [WARN] warningFile - { route: '/?EIO=4&transport=polling&t=O67ZKo8', method: '[GET]' }
[2022-06-21T13:36:39.303] [WARN] warningFile - { route: '/?EIO=4&transport=polling&t=O67ZMFv', method: '[GET]' }
[2022-06-21T13:36:45.322] [WARN] warningFile - { route: '/?EIO=4&transport=polling&t=O67ZNjs', method: '[GET]' }
[2022-06-21T13:36:51.307] [WARN] warningFile - { route: '/?EIO=4&transport=polling&t=O67ZPBb', method: '[GET]' }
[2022-06-21T13:36:57.325] [WARN] warningFile - { route: '/?EIO=4&transport=polling&t=O67ZQfb', method: '[GET]' }
[2022-06-21T13:37:03.320] [WARN] warningFile - { route: '/?EIO=4&transport=polling&t=O67ZS7J', method: '[GET]' }
[2022-06-21T13:37:09.306] [WARN] warningFile - { route: '/?EIO=4&transport=polling&t=O67ZTat', method: '[GET]' }
[2022-06-21T13:37:15.311] [WARN] warningFile - { route: '/?EIO=4&transport=polling&t=O67ZV2j', method: '[GET]' }
[2022-06-21T13:37:21.308] [WARN] warningFile - { route: '/?EIO=4&transport=polling&t=O67ZWWO', method: '[GET]' }
[2022-06-21T13:37:27.308] [WARN] warningFile - { route: '/?EIO=4&transport=polling&t=O67ZX-A', method: '[GET]' }
[2022-06-21T13:37:33.304] [WARN] warningFile - { route: '/?EIO=4&transport=polling&t=O67ZZRr', method: '[GET]' }
[2022-06-21T13:37:39.306] [WARN] warningFile - { route: '/?EIO=4&transport=polling&t=O67Zave', method: '[GET]' }
[2022-06-21T13:37:45.303] [WARN] warningFile - { route: '/?EIO=4&transport=polling&t=O67ZcNO', method: '[GET]' }
[2022-06-21T13:37:51.304] [WARN] warningFile - { route: '/?EIO=4&transport=polling&t=O67ZdrB', method: '[GET]' }
[2022-06-21T13:37:57.298] [WARN] warningFile - { route: '/?EIO=4&transport=polling&t=O67ZfIr', method: '[GET]' }
[2022-06-21T13:38:03.306] [WARN] warningFile - { route: '/?EIO=4&transport=polling&t=O67Zgml', method: '[GET]' }
[2022-06-21T13:38:09.311] [WARN] warningFile - { route: '/?EIO=4&transport=polling&t=O67ZiEa', method: '[GET]' }
[2022-06-21T13:38:15.309] [WARN] warningFile - { route: '/?EIO=4&transport=polling&t=O67ZjiK', method: '[GET]' }
[2022-06-21T13:38:21.306] [WARN] warningFile - { route: '/?EIO=4&transport=polling&t=O67Zl9v', method: '[GET]' }
[2022-06-21T13:38:27.301] [WARN] warningFile - { route: '/?EIO=4&transport=polling&t=O67Zmdh', method: '[GET]' }
[2022-06-21T13:38:33.310] [WARN] warningFile - { route: '/?EIO=4&transport=polling&t=O67Zo5T', method: '[GET]' }
[2022-06-21T13:38:39.301] [WARN] warningFile - { route: '/?EIO=4&transport=polling&t=O67ZpZ8', method: '[GET]' }
[2022-06-21T13:38:45.307] [WARN] warningFile - { route: '/?EIO=4&transport=polling&t=O67Zr0x', method: '[GET]' }
[2022-06-21T13:38:51.303] [WARN] warningFile - { route: '/?EIO=4&transport=polling&t=O67ZsUd', method: '[GET]' }
[2022-06-21T13:38:57.312] [WARN] warningFile - { route: '/?EIO=4&transport=polling&t=O67ZtyJ', method: '[GET]' }
[2022-06-21T13:39:03.314] [WARN] warningFile - { route: '/?EIO=4&transport=polling&t=O67ZvQ4', method: '[GET]' }
[2022-06-21T13:39:09.312] [WARN] warningFile - { route: '/?EIO=4&transport=polling&t=O67Zwtr', method: '[GET]' }
[2022-06-21T13:39:15.303] [WARN] warningFile - { route: '/?EIO=4&transport=polling&t=O67ZyLV', method: '[GET]' }
[2022-06-21T13:39:21.303] [WARN] warningFile - { route: '/?EIO=4&transport=polling&t=O67ZzpF', method: '[GET]' }
[2022-06-21T13:39:27.299] [WARN] warningFile - { route: '/?EIO=4&transport=polling&t=O67Z_Gx', method: '[GET]' }
[2022-06-21T13:39:33.296] [WARN] warningFile - { route: '/?EIO=4&transport=polling&t=O67a0kf', method: '[GET]' }
[2022-06-21T13:39:39.306] [WARN] warningFile - { route: '/?EIO=4&transport=polling&t=O67a2Cb', method: '[GET]' }
[2022-06-21T13:39:45.300] [WARN] warningFile - { route: '/?EIO=4&transport=polling&t=O67a3gD', method: '[GET]' }
[2022-06-21T13:39:51.313] [WARN] warningFile - { route: '/?EIO=4&transport=polling&t=O67a585', method: '[GET]' }
[2022-06-21T13:39:57.307] [WARN] warningFile - { route: '/?EIO=4&transport=polling&t=O67a6bp', method: '[GET]' }
[2022-06-21T13:40:03.299] [WARN] warningFile - { route: '/?EIO=4&transport=polling&t=O67a83T', method: '[GET]' }
[2022-06-21T13:40:09.307] [WARN] warningFile - { route: '/?EIO=4&transport=polling&t=O67a9XG', method: '[GET]' }
[2022-06-21T13:40:15.314] [WARN] warningFile - { route: '/?EIO=4&transport=polling&t=O67aA_A', method: '[GET]' }
[2022-06-21T13:40:21.312] [WARN] warningFile - { route: '/?EIO=4&transport=polling&t=O67aCSx', method: '[GET]' }
[2022-06-21T13:40:27.314] [WARN] warningFile - { route: '/?EIO=4&transport=polling&t=O67aDwj', method: '[GET]' }
[2022-06-21T13:40:33.313] [WARN] warningFile - { route: '/?EIO=4&transport=polling&t=O67aFOO', method: '[GET]' }
[2022-06-21T13:40:39.310] [WARN] warningFile - { route: '/?EIO=4&transport=polling&t=O67aGs6', method: '[GET]' }
[2022-06-21T13:40:45.304] [WARN] warningFile - { route: '/?EIO=4&transport=polling&t=O67aIJp', method: '[GET]' }
[2022-06-21T13:40:51.325] [WARN] warningFile - { route: '/?EIO=4&transport=polling&t=O67aJnz', method: '[GET]' }
[2022-06-21T13:40:57.308] [WARN] warningFile - { route: '/?EIO=4&transport=polling&t=O67aLFO', method: '[GET]' }
[2022-06-21T13:41:03.309] [WARN] warningFile - { route: '/?EIO=4&transport=polling&t=O67aMjA', method: '[GET]' }
[2022-06-21T13:41:09.325] [WARN] warningFile - { route: '/?EIO=4&transport=polling&t=O67aOBB', method: '[GET]' }
[2022-06-21T13:41:15.317] [WARN] warningFile - { route: '/?EIO=4&transport=polling&t=O67aPeq', method: '[GET]' }
[2022-06-21T13:41:21.316] [WARN] warningFile - { route: '/?EIO=4&transport=polling&t=O67aR6b', method: '[GET]' }
[2022-06-21T13:41:27.308] [WARN] warningFile - { route: '/?EIO=4&transport=polling&t=O67aSaD', method: '[GET]' }
[2022-06-21T13:41:33.302] [WARN] warningFile - { route: '/?EIO=4&transport=polling&t=O67aU1s', method: '[GET]' }
[2022-06-21T13:41:39.316] [WARN] warningFile - { route: '/?EIO=4&transport=polling&t=O67aVVk', method: '[GET]' }
[2022-06-21T13:41:45.314] [WARN] warningFile - { route: '/?EIO=4&transport=polling&t=O67aWzT', method: '[GET]' }
[2022-06-21T13:41:51.304] [WARN] warningFile - { route: '/?EIO=4&transport=polling&t=O67aYR9', method: '[GET]' }
[2022-06-21T13:41:57.317] [WARN] warningFile - { route: '/?EIO=4&transport=polling&t=O67aZv0', method: '[GET]' }
[2022-06-21T13:42:03.319] [WARN] warningFile - { route: '/?EIO=4&transport=polling&t=O67abMq', method: '[GET]' }
[2022-06-21T13:42:09.319] [WARN] warningFile - { route: '/?EIO=4&transport=polling&t=O67acqV', method: '[GET]' }
[2022-06-21T13:42:15.309] [WARN] warningFile - { route: '/?EIO=4&transport=polling&t=O67aeIB', method: '[GET]' }
[2022-06-21T13:42:21.331] [WARN] warningFile - { route: '/?EIO=4&transport=polling&t=O67afmA', method: '[GET]' }
[2022-06-21T13:42:27.320] [WARN] warningFile - { route: '/?EIO=4&transport=polling&t=O67ahDp', method: '[GET]' }
[2022-06-21T13:42:33.328] [WARN] warningFile - { route: '/?EIO=4&transport=polling&t=O67aiha', method: '[GET]' }
[2022-06-21T13:42:39.315] [WARN] warningFile - { route: '/?EIO=4&transport=polling&t=O67ak9E', method: '[GET]' }
[2022-06-21T13:42:45.313] [WARN] warningFile - { route: '/?EIO=4&transport=polling&t=O67alc-', method: '[GET]' }
[2022-06-21T13:42:51.323] [WARN] warningFile - { route: '/?EIO=4&transport=polling&t=O67an4o', method: '[GET]' }
[2022-06-21T13:42:57.313] [WARN] warningFile - { route: '/?EIO=4&transport=polling&t=O67aoYS', method: '[GET]' }
[2022-06-21T13:43:03.314] [WARN] warningFile - { route: '/?EIO=4&transport=polling&t=O67aq0D', method: '[GET]' }
[2022-06-21T13:43:09.316] [WARN] warningFile - { route: '/?EIO=4&transport=polling&t=O67arU1', method: '[GET]' }
[2022-06-21T13:43:15.304] [WARN] warningFile - { route: '/?EIO=4&transport=polling&t=O67asxc', method: '[GET]' }
[2022-06-21T13:43:21.316] [WARN] warningFile - { route: '/?EIO=4&transport=polling&t=O67auPX', method: '[GET]' }
[2022-06-21T13:43:27.319] [WARN] warningFile - { route: '/?EIO=4&transport=polling&t=O67avtI', method: '[GET]' }
[2022-06-21T13:43:33.323] [WARN] warningFile - { route: '/?EIO=4&transport=polling&t=O67axL5', method: '[GET]' }
[2022-06-21T13:43:39.317] [WARN] warningFile - { route: '/?EIO=4&transport=polling&t=O67ayoj', method: '[GET]' }
[2022-06-21T13:43:45.313] [WARN] warningFile - { route: '/?EIO=4&transport=polling&t=O67a-GR', method: '[GET]' }
[2022-06-21T13:43:51.317] [WARN] warningFile - { route: '/?EIO=4&transport=polling&t=O67a_kF', method: '[GET]' }
[2022-06-21T13:43:57.314] [WARN] warningFile - { route: '/?EIO=4&transport=polling&t=O67b1C2', method: '[GET]' }
[2022-06-21T13:44:03.309] [WARN] warningFile - { route: '/?EIO=4&transport=polling&t=O67b2fh', method: '[GET]' }
[2022-06-21T13:44:09.304] [WARN] warningFile - { route: '/?EIO=4&transport=polling&t=O67b47L', method: '[GET]' }
[2022-06-21T13:44:15.306] [WARN] warningFile - { route: '/?EIO=4&transport=polling&t=O67b5bE', method: '[GET]' }
[2022-06-21T13:44:21.301] [WARN] warningFile - { route: '/?EIO=4&transport=polling&t=O67b72w', method: '[GET]' }
[2022-06-21T13:44:27.309] [WARN] warningFile - { route: '/?EIO=4&transport=polling&t=O67b8Wg', method: '[GET]' }
[2022-06-21T13:44:33.312] [WARN] warningFile - { route: '/?EIO=4&transport=polling&t=O67b9-Y', method: '[GET]' }
[2022-06-21T13:44:39.310] [WARN] warningFile - { route: '/?EIO=4&transport=polling&t=O67bBSA', method: '[GET]' }
[2022-06-21T13:44:45.305] [WARN] warningFile - { route: '/?EIO=4&transport=polling&t=O67bCvx', method: '[GET]' }
[2022-06-21T13:44:51.303] [WARN] warningFile - { route: '/?EIO=4&transport=polling&t=O67bENh', method: '[GET]' }
[2022-06-21T13:44:57.306] [WARN] warningFile - { route: '/?EIO=4&transport=polling&t=O67bFrM', method: '[GET]' }
[2022-06-21T13:45:03.313] [WARN] warningFile - { route: '/?EIO=4&transport=polling&t=O67bHJ5', method: '[GET]' }
[2022-06-21T13:45:09.308] [WARN] warningFile - { route: '/?EIO=4&transport=polling&t=O67bImj', method: '[GET]' }
[2022-06-21T13:45:15.327] [WARN] warningFile - { route: '/?EIO=4&transport=polling&t=O67bKEl', method: '[GET]' }
[2022-06-21T13:45:21.320] [WARN] warningFile - { route: '/?EIO=4&transport=polling&t=O67bLiK', method: '[GET]' }
[2022-06-21T13:45:27.308] [WARN] warningFile - { route: '/?EIO=4&transport=polling&t=O67bN9_', method: '[GET]' }
[2022-06-21T13:45:33.320] [WARN] warningFile - { route: '/?EIO=4&transport=polling&t=O67bOdq', method: '[GET]' }
[2022-06-21T13:45:39.315] [WARN] warningFile - { route: '/?EIO=4&transport=polling&t=O67bQ5Z', method: '[GET]' }
[2022-06-21T13:45:45.311] [WARN] warningFile - { route: '/?EIO=4&transport=polling&t=O67bRZF', method: '[GET]' }
[2022-06-21T13:45:51.319] [WARN] warningFile - { route: '/?EIO=4&transport=polling&t=O67bT13', method: '[GET]' }
[2022-06-21T13:45:57.309] [WARN] warningFile - { route: '/?EIO=4&transport=polling&t=O67bUUk', method: '[GET]' }
[2022-06-21T13:46:03.327] [WARN] warningFile - { route: '/?EIO=4&transport=polling&t=O67bVyo', method: '[GET]' }
[2022-06-21T13:46:09.308] [WARN] warningFile - { route: '/?EIO=4&transport=polling&t=O67bXQO', method: '[GET]' }
[2022-06-21T13:46:15.309] [WARN] warningFile - { route: '/?EIO=4&transport=polling&t=O67bYu8', method: '[GET]' }
[2022-06-21T13:46:21.325] [WARN] warningFile - { route: '/?EIO=4&transport=polling&t=O67baM3', method: '[GET]' }
[2022-06-21T13:46:27.324] [WARN] warningFile - { route: '/?EIO=4&transport=polling&t=O67bbpr', method: '[GET]' }
[2022-06-21T13:46:33.311] [WARN] warningFile - { route: '/?EIO=4&transport=polling&t=O67bdHQ', method: '[GET]' }
[2022-06-21T13:46:39.311] [WARN] warningFile - { route: '/?EIO=4&transport=polling&t=O67belB', method: '[GET]' }
[2022-06-21T13:46:45.313] [WARN] warningFile - { route: '/?EIO=4&transport=polling&t=O67bgCz', method: '[GET]' }
[2022-06-21T13:46:51.313] [WARN] warningFile - { route: '/?EIO=4&transport=polling&t=O67bhgh', method: '[GET]' }
[2022-06-21T13:46:57.307] [WARN] warningFile - { route: '/?EIO=4&transport=polling&t=O67bj8O', method: '[GET]' }
[2022-06-21T13:47:03.310] [WARN] warningFile - { route: '/?EIO=4&transport=polling&t=O67bkcA', method: '[GET]' }
[2022-06-21T13:47:09.323] [WARN] warningFile - { route: '/?EIO=4&transport=polling&t=O67bm44', method: '[GET]' }
[2022-06-21T13:47:15.319] [WARN] warningFile - { route: '/?EIO=4&transport=polling&t=O67bnXn', method: '[GET]' }
[2022-06-21T13:47:21.318] [WARN] warningFile - { route: '/?EIO=4&transport=polling&t=O67bo_Y', method: '[GET]' }
[2022-06-21T13:47:27.309] [WARN] warningFile - { route: '/?EIO=4&transport=polling&t=O67bqT7', method: '[GET]' }
[2022-06-21T13:47:33.314] [WARN] warningFile - { route: '/?EIO=4&transport=polling&t=O67brwy', method: '[GET]' }
[2022-06-21T13:47:39.308] [WARN] warningFile - { route: '/?EIO=4&transport=polling&t=O67btOf', method: '[GET]' }
[2022-06-21T13:47:45.314] [WARN] warningFile - { route: '/?EIO=4&transport=polling&t=O67busR', method: '[GET]' }
[2022-06-21T13:47:51.311] [WARN] warningFile - { route: '/?EIO=4&transport=polling&t=O67bwKC', method: '[GET]' }
[2022-06-21T13:47:57.328] [WARN] warningFile - { route: '/?EIO=4&transport=polling&t=O67bxo5', method: '[GET]' }
[2022-06-21T13:48:03.323] [WARN] warningFile - { route: '/?EIO=4&transport=polling&t=O67bzFo', method: '[GET]' }
[2022-06-21T13:48:09.317] [WARN] warningFile - { route: '/?EIO=4&transport=polling&t=O67b-jV', method: '[GET]' }
[2022-06-21T13:48:15.328] [WARN] warningFile - { route: '/?EIO=4&transport=polling&t=O67c0BK', method: '[GET]' }
[2022-06-21T13:48:21.327] [WARN] warningFile - { route: '/?EIO=4&transport=polling&t=O67c1f3', method: '[GET]' }
[2022-06-21T13:48:27.311] [WARN] warningFile - { route: '/?EIO=4&transport=polling&t=O67c36f', method: '[GET]' }
[2022-06-21T13:48:33.319] [WARN] warningFile - { route: '/?EIO=4&transport=polling&t=O67c4aV', method: '[GET]' }
[2022-06-21T13:48:38.335] [WARN] warningFile - { route: '/?EIO=4&transport=polling&t=O67c5ox', method: '[GET]' }
[2022-06-21T13:48:44.410] [WARN] warningFile - { route: '/?EIO=4&transport=polling&t=O67c7GN', method: '[GET]' }
[2022-06-21T13:48:50.308] [WARN] warningFile - { route: '/?EIO=4&transport=polling&t=O67c8j-', method: '[GET]' }
[2022-06-21T13:48:56.312] [WARN] warningFile - { route: '/?EIO=4&transport=polling&t=O67cABq', method: '[GET]' }
[2022-06-21T13:49:02.319] [WARN] warningFile - { route: '/?EIO=4&transport=polling&t=O67cBfc', method: '[GET]' }
[2022-06-21T13:49:08.315] [WARN] warningFile - { route: '/?EIO=4&transport=polling&t=O67cD7K', method: '[GET]' }
[2022-06-21T13:49:14.318] [WARN] warningFile - { route: '/?EIO=4&transport=polling&t=O67cEbB', method: '[GET]' }
[2022-06-21T13:49:20.313] [WARN] warningFile - { route: '/?EIO=4&transport=polling&t=O67cG2s', method: '[GET]' }
[2022-06-21T13:49:26.313] [WARN] warningFile - { route: '/?EIO=4&transport=polling&t=O67cHWZ', method: '[GET]' }
[2022-06-21T13:49:32.310] [WARN] warningFile - { route: '/?EIO=4&transport=polling&t=O67cI-G', method: '[GET]' }
[2022-06-21T13:49:38.313] [WARN] warningFile - { route: '/?EIO=4&transport=polling&t=O67cKS3', method: '[GET]' }
[2022-06-21T13:49:44.321] [WARN] warningFile - { route: '/?EIO=4&transport=polling&t=O67cLvx', method: '[GET]' }
[2022-06-21T13:49:50.319] [WARN] warningFile - { route: '/?EIO=4&transport=polling&t=O67cNNc', method: '[GET]' }
[2022-06-21T13:49:56.320] [WARN] warningFile - { route: '/?EIO=4&transport=polling&t=O67cOrO', method: '[GET]' }
[2022-06-21T13:50:02.306] [WARN] warningFile - { route: '/?EIO=4&transport=polling&t=O67cQI_', method: '[GET]' }
[2022-06-21T13:50:08.307] [WARN] warningFile - { route: '/?EIO=4&transport=polling&t=O67cRmm', method: '[GET]' }
[2022-06-21T13:50:14.322] [WARN] warningFile - { route: '/?EIO=4&transport=polling&t=O67cTEk', method: '[GET]' }
[2022-06-21T13:50:20.322] [WARN] warningFile - { route: '/?EIO=4&transport=polling&t=O67cUiN', method: '[GET]' }
[2022-06-21T13:50:26.312] [WARN] warningFile - { route: '/?EIO=4&transport=polling&t=O67cWA2', method: '[GET]' }
[2022-06-21T13:50:32.311] [WARN] warningFile - { route: '/?EIO=4&transport=polling&t=O67cXdq', method: '[GET]' }
[2022-06-21T13:50:38.321] [WARN] warningFile - { route: '/?EIO=4&transport=polling&t=O67cZ5g', method: '[GET]' }
[2022-06-21T13:50:44.320] [WARN] warningFile - { route: '/?EIO=4&transport=polling&t=O67caZL', method: '[GET]' }
[2022-06-21T13:50:50.310] [WARN] warningFile - { route: '/?EIO=4&transport=polling&t=O67cc12', method: '[GET]' }
[2022-06-21T13:50:56.321] [WARN] warningFile - { route: '/?EIO=4&transport=polling&t=O67cdUx', method: '[GET]' }
[2022-06-21T13:51:02.323] [WARN] warningFile - { route: '/?EIO=4&transport=polling&t=O67ceyh', method: '[GET]' }
[2022-06-21T13:51:08.316] [WARN] warningFile - { route: '/?EIO=4&transport=polling&t=O67cgQH', method: '[GET]' }
[2022-06-21T13:51:14.310] [WARN] warningFile - { route: '/?EIO=4&transport=polling&t=O67cht_', method: '[GET]' }
[2022-06-21T13:51:20.322] [WARN] warningFile - { route: '/?EIO=4&transport=polling&t=O67cjLt', method: '[GET]' }
[2022-06-21T13:51:26.307] [WARN] warningFile - { route: '/?EIO=4&transport=polling&t=O67ckpW', method: '[GET]' }
[2022-06-21T13:51:32.313] [WARN] warningFile - { route: '/?EIO=4&transport=polling&t=O67cmHL', method: '[GET]' }
[2022-06-21T13:51:38.322] [WARN] warningFile - { route: '/?EIO=4&transport=polling&t=O67cnlA', method: '[GET]' }
[2022-06-21T13:51:44.314] [WARN] warningFile - { route: '/?EIO=4&transport=polling&t=O67cpCu', method: '[GET]' }
[2022-06-21T13:51:50.313] [WARN] warningFile - { route: '/?EIO=4&transport=polling&t=O67cqgY', method: '[GET]' }
[2022-06-21T13:51:56.315] [WARN] warningFile - { route: '/?EIO=4&transport=polling&t=O67cs8O', method: '[GET]' }
[2022-06-21T13:52:02.316] [WARN] warningFile - { route: '/?EIO=4&transport=polling&t=O67ctc9', method: '[GET]' }
[2022-06-21T13:52:08.322] [WARN] warningFile - { route: '/?EIO=4&transport=polling&t=O67cv3v', method: '[GET]' }
[2022-06-21T13:52:14.306] [WARN] warningFile - { route: '/?EIO=4&transport=polling&t=O67cwXU', method: '[GET]' }
[2022-06-21T13:52:20.309] [WARN] warningFile - { route: '/?EIO=4&transport=polling&t=O67cx_F', method: '[GET]' }
[2022-06-21T13:52:26.319] [WARN] warningFile - { route: '/?EIO=4&transport=polling&t=O67czT8', method: '[GET]' }
[2022-06-21T13:52:32.310] [WARN] warningFile - { route: '/?EIO=4&transport=polling&t=O67c-wp', method: '[GET]' }
[2022-06-21T13:52:38.332] [WARN] warningFile - { route: '/?EIO=4&transport=polling&t=O67d0Oc', method: '[GET]' }
[2022-06-21T13:52:44.317] [WARN] warningFile - { route: '/?EIO=4&transport=polling&t=O67d1sQ', method: '[GET]' }
[2022-06-21T13:52:50.312] [WARN] warningFile - { route: '/?EIO=4&transport=polling&t=O67d3K2', method: '[GET]' }
[2022-06-21T13:52:56.311] [WARN] warningFile - { route: '/?EIO=4&transport=polling&t=O67d4nq', method: '[GET]' }
[2022-06-21T13:53:02.323] [WARN] warningFile - { route: '/?EIO=4&transport=polling&t=O67d6Fj', method: '[GET]' }
[2022-06-21T13:53:08.312] [WARN] warningFile - { route: '/?EIO=4&transport=polling&t=O67d7jG', method: '[GET]' }
[2022-06-21T13:53:14.317] [WARN] warningFile - { route: '/?EIO=4&transport=polling&t=O67d9B9', method: '[GET]' }
[2022-06-21T13:53:20.312] [WARN] warningFile - { route: '/?EIO=4&transport=polling&t=O67dAeq', method: '[GET]' }
[2022-06-21T13:53:26.328] [WARN] warningFile - { route: '/?EIO=4&transport=polling&t=O67dC6j', method: '[GET]' }
[2022-06-21T13:53:32.324] [WARN] warningFile - { route: '/?EIO=4&transport=polling&t=O67dDaS', method: '[GET]' }
[2022-06-21T13:53:38.317] [WARN] warningFile - { route: '/?EIO=4&transport=polling&t=O67dF29', method: '[GET]' }
[2022-06-21T13:53:44.315] [WARN] warningFile - { route: '/?EIO=4&transport=polling&t=O67dGVs', method: '[GET]' }
[2022-06-21T13:53:50.307] [WARN] warningFile - { route: '/?EIO=4&transport=polling&t=O67dHzV', method: '[GET]' }
[2022-06-21T13:53:56.318] [WARN] warningFile - { route: '/?EIO=4&transport=polling&t=O67dJRR', method: '[GET]' }
[2022-06-21T13:54:02.310] [WARN] warningFile - { route: '/?EIO=4&transport=polling&t=O67dKv4', method: '[GET]' }
[2022-06-21T13:54:08.310] [WARN] warningFile - { route: '/?EIO=4&transport=polling&t=O67dMMp', method: '[GET]' }
[2022-06-21T13:54:14.314] [WARN] warningFile - { route: '/?EIO=4&transport=polling&t=O67dNqe', method: '[GET]' }
[2022-06-21T13:54:20.312] [WARN] warningFile - { route: '/?EIO=4&transport=polling&t=O67dPIK', method: '[GET]' }
[2022-06-21T13:54:26.312] [WARN] warningFile - { route: '/?EIO=4&transport=polling&t=O67dQm4', method: '[GET]' }
[2022-06-21T13:54:32.316] [WARN] warningFile - { route: '/?EIO=4&transport=polling&t=O67dSDy', method: '[GET]' }
[2022-06-21T13:54:38.307] [WARN] warningFile - { route: '/?EIO=4&transport=polling&t=O67dThX', method: '[GET]' }
[2022-06-21T13:54:44.311] [WARN] warningFile - { route: '/?EIO=4&transport=polling&t=O67dV9M', method: '[GET]' }
[2022-06-21T13:54:50.313] [WARN] warningFile - { route: '/?EIO=4&transport=polling&t=O67dWd7', method: '[GET]' }
[2022-06-21T13:54:56.326] [WARN] warningFile - { route: '/?EIO=4&transport=polling&t=O67dY52', method: '[GET]' }
[2022-06-21T13:55:02.316] [WARN] warningFile - { route: '/?EIO=4&transport=polling&t=O67dZYi', method: '[GET]' }
[2022-06-21T13:55:08.312] [WARN] warningFile - { route: '/?EIO=4&transport=polling&t=O67db0F', method: '[GET]' }
[2022-06-21T13:55:14.317] [WARN] warningFile - { route: '/?EIO=4&transport=polling&t=O67dcUC', method: '[GET]' }
[2022-06-21T13:55:20.311] [WARN] warningFile - { route: '/?EIO=4&transport=polling&t=O67ddxq', method: '[GET]' }
[2022-06-21T13:55:26.310] [WARN] warningFile - { route: '/?EIO=4&transport=polling&t=O67dfPT', method: '[GET]' }
[2022-06-21T13:55:32.314] [WARN] warningFile - { route: '/?EIO=4&transport=polling&t=O67dgtI', method: '[GET]' }
[2022-06-21T13:55:38.317] [WARN] warningFile - { route: '/?EIO=4&transport=polling&t=O67diL0', method: '[GET]' }
[2022-06-21T13:55:44.314] [WARN] warningFile - { route: '/?EIO=4&transport=polling&t=O67djoc', method: '[GET]' }
[2022-06-21T13:55:50.315] [WARN] warningFile - { route: '/?EIO=4&transport=polling&t=O67dlGR', method: '[GET]' }
[2022-06-21T13:55:56.321] [WARN] warningFile - { route: '/?EIO=4&transport=polling&t=O67dmkG', method: '[GET]' }
[2022-06-21T13:56:02.321] [WARN] warningFile - { route: '/?EIO=4&transport=polling&t=O67doC0', method: '[GET]' }
[2022-06-21T13:56:08.313] [WARN] warningFile - { route: '/?EIO=4&transport=polling&t=O67dpfh', method: '[GET]' }
[2022-06-21T13:56:14.317] [WARN] warningFile - { route: '/?EIO=4&transport=polling&t=O67dr7U', method: '[GET]' }
[2022-06-21T13:56:20.318] [WARN] warningFile - { route: '/?EIO=4&transport=polling&t=O67dsbG', method: '[GET]' }
[2022-06-21T13:56:26.310] [WARN] warningFile - { route: '/?EIO=4&transport=polling&t=O67du2w', method: '[GET]' }
[2022-06-21T13:56:32.312] [WARN] warningFile - { route: '/?EIO=4&transport=polling&t=O67dvWg', method: '[GET]' }
[2022-06-21T13:56:38.315] [WARN] warningFile - { route: '/?EIO=4&transport=polling&t=O67dw-Z', method: '[GET]' }
[2022-06-21T13:56:44.297] [WARN] warningFile - { route: '/?EIO=4&transport=polling&t=O67dyS5', method: '[GET]' }
[2022-06-21T13:56:50.313] [WARN] warningFile - { route: '/?EIO=4&transport=polling&t=O67dzw7', method: '[GET]' }
[2022-06-21T13:56:56.329] [WARN] warningFile - { route: '/?EIO=4&transport=polling&t=O67d_O1', method: '[GET]' }
[2022-06-21T13:57:02.306] [WARN] warningFile - { route: '/?EIO=4&transport=polling&t=O67e0rT', method: '[GET]' }
[2022-06-21T13:57:08.305] [WARN] warningFile - { route: '/?EIO=4&transport=polling&t=O67e2JD', method: '[GET]' }
[2022-06-21T13:57:14.315] [WARN] warningFile - { route: '/?EIO=4&transport=polling&t=O67e3n8', method: '[GET]' }
[2022-06-21T13:57:20.298] [WARN] warningFile - { route: '/?EIO=4&transport=polling&t=O67e5Ec', method: '[GET]' }
[2022-06-21T13:57:26.302] [WARN] warningFile - { route: '/?EIO=4&transport=polling&t=O67e6iY', method: '[GET]' }
[2022-06-21T13:57:32.296] [WARN] warningFile - { route: '/?EIO=4&transport=polling&t=O67e8AE', method: '[GET]' }
[2022-06-21T13:57:38.331] [WARN] warningFile - { route: '/?EIO=4&transport=polling&t=O67e9eQ', method: '[GET]' }
[2022-06-21T13:57:44.325] [WARN] warningFile - { route: '/?EIO=4&transport=polling&t=O67eB63', method: '[GET]' }
[2022-06-21T13:57:50.309] [WARN] warningFile - { route: '/?EIO=4&transport=polling&t=O67eCZY', method: '[GET]' }
[2022-06-21T13:57:56.309] [WARN] warningFile - { route: '/?EIO=4&transport=polling&t=O67eE1J', method: '[GET]' }
[2022-06-21T13:58:02.314] [WARN] warningFile - { route: '/?EIO=4&transport=polling&t=O67eFV7', method: '[GET]' }
[2022-06-21T13:58:08.312] [WARN] warningFile - { route: '/?EIO=4&transport=polling&t=O67eGyq', method: '[GET]' }
[2022-06-21T13:58:14.315] [WARN] warningFile - { route: '/?EIO=4&transport=polling&t=O67eIQe', method: '[GET]' }
[2022-06-21T13:58:20.319] [WARN] warningFile - { route: '/?EIO=4&transport=polling&t=O67eJuR', method: '[GET]' }
[2022-06-21T13:58:26.317] [WARN] warningFile - { route: '/?EIO=4&transport=polling&t=O67eLM7', method: '[GET]' }
[2022-06-21T13:58:32.316] [WARN] warningFile - { route: '/?EIO=4&transport=polling&t=O67eMpw', method: '[GET]' }
[2022-06-21T13:58:38.306] [WARN] warningFile - { route: '/?EIO=4&transport=polling&t=O67eOHW', method: '[GET]' }
[2022-06-21T13:58:44.304] [WARN] warningFile - { route: '/?EIO=4&transport=polling&t=O67ePlF', method: '[GET]' }
[2022-06-21T13:58:50.305] [WARN] warningFile - { route: '/?EIO=4&transport=polling&t=O67eRD2', method: '[GET]' }
[2022-06-21T13:58:56.314] [WARN] warningFile - { route: '/?EIO=4&transport=polling&t=O67eSgu', method: '[GET]' }
[2022-06-21T13:59:02.302] [WARN] warningFile - { route: '/?EIO=4&transport=polling&t=O67eU8Z', method: '[GET]' }
[2022-06-21T13:59:08.313] [WARN] warningFile - { route: '/?EIO=4&transport=polling&t=O67eVcN', method: '[GET]' }
[2022-06-21T13:59:14.316] [WARN] warningFile - { route: '/?EIO=4&transport=polling&t=O67eX4A', method: '[GET]' }
[2022-06-21T13:59:20.308] [WARN] warningFile - { route: '/?EIO=4&transport=polling&t=O67eYXs', method: '[GET]' }
[2022-06-21T13:59:26.310] [WARN] warningFile - { route: '/?EIO=4&transport=polling&t=O67eZ_g', method: '[GET]' }
[2022-06-21T13:59:32.316] [WARN] warningFile - { route: '/?EIO=4&transport=polling&t=O67ebTU', method: '[GET]' }
[2022-06-21T13:59:38.309] [WARN] warningFile - { route: '/?EIO=4&transport=polling&t=O67ecx9', method: '[GET]' }
[2022-06-21T13:59:44.316] [WARN] warningFile - { route: '/?EIO=4&transport=polling&t=O67eeOy', method: '[GET]' }
[2022-06-21T13:59:50.313] [WARN] warningFile - { route: '/?EIO=4&transport=polling&t=O67efsi', method: '[GET]' }
[2022-06-21T13:59:56.314] [WARN] warningFile - { route: '/?EIO=4&transport=polling&t=O67ehKQ', method: '[GET]' }
[2022-06-21T14:00:02.298] [WARN] warningFile - { route: '/?EIO=4&transport=polling&t=O67eio0', method: '[GET]' }
[2022-06-21T14:00:08.314] [WARN] warningFile - { route: '/?EIO=4&transport=polling&t=O67ekF-', method: '[GET]' }
[2022-06-21T14:00:14.308] [WARN] warningFile - { route: '/?EIO=4&transport=polling&t=O67eljf', method: '[GET]' }
[2022-06-21T14:00:20.306] [WARN] warningFile - { route: '/?EIO=4&transport=polling&t=O67enBP', method: '[GET]' }
[2022-06-21T14:00:26.316] [WARN] warningFile - { route: '/?EIO=4&transport=polling&t=O67eofG', method: '[GET]' }
[2022-06-21T14:00:32.316] [WARN] warningFile - { route: '/?EIO=4&transport=polling&t=O67eq6v', method: '[GET]' }
[2022-06-21T14:00:38.318] [WARN] warningFile - { route: '/?EIO=4&transport=polling&t=O67erai', method: '[GET]' }
[2022-06-21T14:00:44.310] [WARN] warningFile - { route: '/?EIO=4&transport=polling&t=O67et2Q', method: '[GET]' }
[2022-06-21T14:00:50.308] [WARN] warningFile - { route: '/?EIO=4&transport=polling&t=O67euW5', method: '[GET]' }
[2022-06-21T14:00:56.312] [WARN] warningFile - { route: '/?EIO=4&transport=polling&t=O67evzu', method: '[GET]' }
[2022-06-21T14:01:02.316] [WARN] warningFile - { route: '/?EIO=4&transport=polling&t=O67exRh', method: '[GET]' }
[2022-06-21T14:01:08.316] [WARN] warningFile - { route: '/?EIO=4&transport=polling&t=O67eyvN', method: '[GET]' }
[2022-06-21T14:01:14.315] [WARN] warningFile - { route: '/?EIO=4&transport=polling&t=O67e-NB', method: '[GET]' }
[2022-06-21T14:01:20.321] [WARN] warningFile - { route: '/?EIO=4&transport=polling&t=O67e_qz', method: '[GET]' }
[2022-06-21T14:01:26.323] [WARN] warningFile - { route: '/?EIO=4&transport=polling&t=O67f1Il', method: '[GET]' }
[2022-06-21T14:01:32.312] [WARN] warningFile - { route: '/?EIO=4&transport=polling&t=O67f2mQ', method: '[GET]' }
[2022-06-21T14:01:38.305] [WARN] warningFile - { route: '/?EIO=4&transport=polling&t=O67f4D_', method: '[GET]' }
[2022-06-21T14:01:44.301] [WARN] warningFile - { route: '/?EIO=4&transport=polling&t=O67f5hi', method: '[GET]' }
[2022-06-21T14:01:50.301] [WARN] warningFile - { route: '/?EIO=4&transport=polling&t=O67f79U', method: '[GET]' }
[2022-06-21T14:01:56.320] [WARN] warningFile - { route: '/?EIO=4&transport=polling&t=O67f8dU', method: '[GET]' }
[2022-06-21T14:02:02.301] [WARN] warningFile - { route: '/?EIO=4&transport=polling&t=O67fA4y', method: '[GET]' }
[2022-06-21T14:02:08.304] [WARN] warningFile - { route: '/?EIO=4&transport=polling&t=O67fBYj', method: '[GET]' }
[2022-06-21T14:02:14.309] [WARN] warningFile - { route: '/?EIO=4&transport=polling&t=O67fD0V', method: '[GET]' }
[2022-06-21T14:02:20.300] [WARN] warningFile - { route: '/?EIO=4&transport=polling&t=O67fEUC', method: '[GET]' }
[2022-06-21T14:02:26.303] [WARN] warningFile - { route: '/?EIO=4&transport=polling&t=O67fFx_', method: '[GET]' }
[2022-06-21T14:02:32.324] [WARN] warningFile - { route: '/?EIO=4&transport=polling&t=O67fHQ3', method: '[GET]' }
[2022-06-21T14:02:38.304] [WARN] warningFile - { route: '/?EIO=4&transport=polling&t=O67fItW', method: '[GET]' }
[2022-06-21T14:02:44.311] [WARN] warningFile - { route: '/?EIO=4&transport=polling&t=O67fKLL', method: '[GET]' }
[2022-06-21T14:02:50.307] [WARN] warningFile - { route: '/?EIO=4&transport=polling&t=O67fLp2', method: '[GET]' }
[2022-06-21T14:02:56.302] [WARN] warningFile - { route: '/?EIO=4&transport=polling&t=O67fNGn', method: '[GET]' }
[2022-06-21T14:03:02.306] [WARN] warningFile - { route: '/?EIO=4&transport=polling&t=O67fOkX', method: '[GET]' }
[2022-06-21T14:03:08.315] [WARN] warningFile - { route: '/?EIO=4&transport=polling&t=O67fQCP', method: '[GET]' }
[2022-06-21T14:03:14.307] [WARN] warningFile - { route: '/?EIO=4&transport=polling&t=O67fRf_', method: '[GET]' }
[2022-06-21T14:03:20.319] [WARN] warningFile - { route: '/?EIO=4&transport=polling&t=O67fT7x', method: '[GET]' }
[2022-06-21T14:03:26.307] [WARN] warningFile - { route: '/?EIO=4&transport=polling&t=O67fUbV', method: '[GET]' }
[2022-06-21T14:03:32.312] [WARN] warningFile - { route: '/?EIO=4&transport=polling&t=O67fW3K', method: '[GET]' }
[2022-06-21T14:03:38.307] [WARN] warningFile - { route: '/?EIO=4&transport=polling&t=O67fXW_', method: '[GET]' }
[2022-06-21T14:03:44.317] [WARN] warningFile - { route: '/?EIO=4&transport=polling&t=O67fY-r', method: '[GET]' }
[2022-06-21T14:03:50.317] [WARN] warningFile - { route: '/?EIO=4&transport=polling&t=O67faSf', method: '[GET]' }
[2022-06-21T14:03:56.321] [WARN] warningFile - { route: '/?EIO=4&transport=polling&t=O67fbwV', method: '[GET]' }
[2022-06-21T14:04:02.304] [WARN] warningFile - { route: '/?EIO=4&transport=polling&t=O67fdN-', method: '[GET]' }
[2022-06-21T14:04:08.305] [WARN] warningFile - { route: '/?EIO=4&transport=polling&t=O67ferl', method: '[GET]' }
[2022-06-21T14:04:14.302] [WARN] warningFile - { route: '/?EIO=4&transport=polling&t=O67fgJV', method: '[GET]' }
[2022-06-21T14:04:20.313] [WARN] warningFile - { route: '/?EIO=4&transport=polling&t=O67fhnR', method: '[GET]' }
[2022-06-21T14:04:26.310] [WARN] warningFile - { route: '/?EIO=4&transport=polling&t=O67fjF8', method: '[GET]' }
[2022-06-21T14:04:32.304] [WARN] warningFile - { route: '/?EIO=4&transport=polling&t=O67fkio', method: '[GET]' }
[2022-06-21T14:04:38.309] [WARN] warningFile - { route: '/?EIO=4&transport=polling&t=O67fmAd', method: '[GET]' }
[2022-06-21T14:04:44.297] [WARN] warningFile - { route: '/?EIO=4&transport=polling&t=O67fneF', method: '[GET]' }
[2022-06-21T14:04:50.313] [WARN] warningFile - { route: '/?EIO=4&transport=polling&t=O67fp6E', method: '[GET]' }
[2022-06-21T14:04:56.306] [WARN] warningFile - { route: '/?EIO=4&transport=polling&t=O67fqZu', method: '[GET]' }
[2022-06-21T14:05:02.308] [WARN] warningFile - { route: '/?EIO=4&transport=polling&t=O67fs1f', method: '[GET]' }
[2022-06-21T14:05:08.303] [WARN] warningFile - { route: '/?EIO=4&transport=polling&t=O67ftVL', method: '[GET]' }
[2022-06-21T14:05:14.310] [WARN] warningFile - { route: '/?EIO=4&transport=polling&t=O67fuz4', method: '[GET]' }
[2022-06-21T14:05:20.313] [WARN] warningFile - { route: '/?EIO=4&transport=polling&t=O67fwQt', method: '[GET]' }
[2022-06-21T14:05:26.311] [WARN] warningFile - { route: '/?EIO=4&transport=polling&t=O67fxub', method: '[GET]' }
[2022-06-21T14:05:32.309] [WARN] warningFile - { route: '/?EIO=4&transport=polling&t=O67fzMI', method: '[GET]' }
[2022-06-21T14:05:38.307] [WARN] warningFile - { route: '/?EIO=4&transport=polling&t=O67f-q0', method: '[GET]' }
[2022-06-21T14:05:44.306] [WARN] warningFile - { route: '/?EIO=4&transport=polling&t=O67g0Hm', method: '[GET]' }
[2022-06-21T14:05:50.305] [WARN] warningFile - { route: '/?EIO=4&transport=polling&t=O67g1lV', method: '[GET]' }
[2022-06-21T14:05:56.306] [WARN] warningFile - { route: '/?EIO=4&transport=polling&t=O67g3DF', method: '[GET]' }
[2022-06-21T14:06:02.312] [WARN] warningFile - { route: '/?EIO=4&transport=polling&t=O67g4h6', method: '[GET]' }
[2022-06-21T14:06:08.325] [WARN] warningFile - { route: '/?EIO=4&transport=polling&t=O67g693', method: '[GET]' }
[2022-06-21T14:06:14.315] [WARN] warningFile - { route: '/?EIO=4&transport=polling&t=O67g7cf', method: '[GET]' }
[2022-06-21T14:06:20.309] [WARN] warningFile - { route: '/?EIO=4&transport=polling&t=O67g94L', method: '[GET]' }
[2022-06-21T14:06:26.313] [WARN] warningFile - { route: '/?EIO=4&transport=polling&t=O67gAY8', method: '[GET]' }
[2022-06-21T14:06:32.308] [WARN] warningFile - { route: '/?EIO=4&transport=polling&t=O67gB_o', method: '[GET]' }
